<?xml version="1.0" encoding="utf-8"?><testsuites name="pytest tests"><testsuite name="pytest" errors="0" failures="0" skipped="0" tests="14" time="2.090" timestamp="2026-03-04T00:57:17.606093+00:00" hostname="agent-env-b659d232-acd5-49e6-bf36-9a46eb140233"><testcase classname="backend.tests.test_iteration16_locations_prices.TestNewLocations" name="test_locations_count_81" time="0.151" /><testcase classname="backend.tests.test_iteration16_locations_prices.TestNewLocations" name="test_locations_include_cities" time="0.129" /><testcase classname="backend.tests.test_iteration16_locations_prices.TestNewLocations" name="test_locations_include_rest_stops" time="0.180" /><testcase classname="backend.tests.test_iteration16_locations_prices.TestNewLocations" name="test_locations_include_outposts" time="0.146" /><testcase classname="backend.tests.test_iteration16_locations_prices.TestNewLocations" name="test_route_calculation_city_to_city" time="0.149" /><testcase classname="backend.tests.test_iteration16_locations_prices.TestNewLocations" name="test_route_calculation_city_to_rest_stop" time="0.113" /><testcase classname="backend.tests.test_iteration16_locations_prices.TestNewLocations" name="test_route_calculation_outpost_to_city" time="0.147" /><testcase classname="backend.tests.test_iteration16_locations_prices.TestGearPrices" name="test_weapons_count_38" time="0.117" /><testcase classname="backend.tests.test_iteration16_locations_prices.TestGearPrices" name="test_all_weapons_have_price_auec" time="0.140" /><testcase classname="backend.tests.test_iteration16_locations_prices.TestGearPrices" name="test_armor_count_21" time="0.152" /><testcase classname="backend.tests.test_iteration16_locations_prices.TestGearPrices" name="test_all_armor_have_price_auec" time="0.128" /><testcase classname="backend.tests.test_iteration16_locations_prices.TestRegressionEndpoints" name="test_health_endpoint" time="0.135" /><testcase classname="backend.tests.test_iteration16_locations_prices.TestRegressionEndpoints" name="test_equipment_endpoint" time="0.111" /><testcase classname="backend.tests.test_iteration16_locations_prices.TestRegressionEndpoints" name="test_prices_endpoint" time="0.198" /></testsuite></testsuites>