<?xml version="1.0" encoding="utf-8"?><testsuites name="pytest tests"><testsuite name="pytest" errors="0" failures="0" skipped="0" tests="17" time="7.879" timestamp="2026-02-27T17:51:45.097241+00:00" hostname="agent-env-e00e40a0-b9c9-4e57-9d14-edae0e70ff7b"><testcase classname="backend.tests.test_auth_and_loadouts.TestUsernamePasswordAuth" name="test_login_success_username_password" time="0.455" /><testcase classname="backend.tests.test_auth_and_loadouts.TestUsernamePasswordAuth" name="test_login_wrong_password" time="0.369" /><testcase classname="backend.tests.test_auth_and_loadouts.TestUsernamePasswordAuth" name="test_login_auto_register_new_user" time="0.341" /><testcase classname="backend.tests.test_auth_and_loadouts.TestUsernamePasswordAuth" name="test_register_endpoint" time="0.355" /><testcase classname="backend.tests.test_auth_and_loadouts.TestUsernamePasswordAuth" name="test_register_duplicate_username" time="0.145" /><testcase classname="backend.tests.test_auth_and_loadouts.TestUsernamePasswordAuth" name="test_login_missing_fields" time="0.126" /><testcase classname="backend.tests.test_auth_and_loadouts.TestShipsWithPurchaseData" name="test_get_ships_with_auth" time="0.496" /><testcase classname="backend.tests.test_auth_and_loadouts.TestShipsWithPurchaseData" name="test_avenger_titan_purchase_info" time="0.516" /><testcase classname="backend.tests.test_auth_and_loadouts.TestShipsWithPurchaseData" name="test_ships_have_rsi_pledge_info" time="0.505" /><testcase classname="backend.tests.test_auth_and_loadouts.TestShipsWithPurchaseData" name="test_multiple_dealers_for_arrow" time="0.459" /><testcase classname="backend.tests.test_auth_and_loadouts.TestVehiclesWithPurchaseData" name="test_get_vehicles_with_auth" time="0.455" /><testcase classname="backend.tests.test_auth_and_loadouts.TestVehiclesWithPurchaseData" name="test_vehicles_have_purchase_data" time="0.484" /><testcase classname="backend.tests.test_auth_and_loadouts.TestLoadoutCRUD" name="test_save_loadout" time="0.485" /><testcase classname="backend.tests.test_auth_and_loadouts.TestLoadoutCRUD" name="test_get_loadouts_for_ship" time="0.650" /><testcase classname="backend.tests.test_auth_and_loadouts.TestLoadoutCRUD" name="test_delete_loadout" time="0.678" /><testcase classname="backend.tests.test_auth_and_loadouts.TestLoadoutCRUD" name="test_loadout_upsert_same_name" time="0.699" /><testcase classname="backend.tests.test_auth_and_loadouts.TestFleetPersistence" name="test_add_ship_to_fleet_persists" time="0.547" /></testsuite></testsuites>