<?xml version="1.0" encoding="utf-8"?><testsuites name="pytest tests"><testsuite name="pytest" errors="0" failures="0" skipped="0" tests="18" time="24.692" timestamp="2026-03-05T15:38:42.356346+00:00" hostname="agent-env-3597fa7c-6aec-4312-aa32-fe1bb6cacb59"><testcase classname="backend.tests.test_iteration22_route_planner.TestRouteLocations" name="test_locations_returns_data" time="21.508" /><testcase classname="backend.tests.test_iteration22_route_planner.TestRouteLocations" name="test_locations_returns_systems" time="0.156" /><testcase classname="backend.tests.test_iteration22_route_planner.TestRouteLocations" name="test_locations_returns_qd_speeds" time="0.126" /><testcase classname="backend.tests.test_iteration22_route_planner.TestRouteLocations" name="test_locations_returns_qd_fuel" time="0.188" /><testcase classname="backend.tests.test_iteration22_route_planner.TestRouteCalculation" name="test_basic_route_calculation" time="0.123" /><testcase classname="backend.tests.test_iteration22_route_planner.TestRouteCalculation" name="test_cross_system_route" time="0.149" /><testcase classname="backend.tests.test_iteration22_route_planner.TestRouteCalculation" name="test_low_qd_range_triggers_fuel_stops" time="0.121" /><testcase classname="backend.tests.test_iteration22_route_planner.TestRouteCalculation" name="test_custom_qd_speed" time="0.113" /><testcase classname="backend.tests.test_iteration22_route_planner.TestShipsQuantumAndHardpoints" name="test_ships_returns_quantum_data" time="0.577" /><testcase classname="backend.tests.test_iteration22_route_planner.TestShipsQuantumAndHardpoints" name="test_gladius_has_correct_hardpoints" time="0.218" /><testcase classname="backend.tests.test_iteration22_route_planner.TestShipsQuantumAndHardpoints" name="test_avenger_titan_has_correct_hardpoints" time="0.218" /><testcase classname="backend.tests.test_iteration22_route_planner.TestShipsQuantumAndHardpoints" name="test_arrow_has_correct_hardpoints" time="0.161" /><testcase classname="backend.tests.test_iteration22_route_planner.TestShipsQuantumAndHardpoints" name="test_cutlass_black_has_correct_hardpoints" time="0.181" /><testcase classname="backend.tests.test_iteration22_route_planner.TestShipsQuantumAndHardpoints" name="test_constellation_andromeda_has_correct_hardpoints" time="0.149" /><testcase classname="backend.tests.test_iteration22_route_planner.TestInterdiction" name="test_interdiction_calculation" time="0.117" /><testcase classname="backend.tests.test_iteration22_route_planner.TestChase" name="test_chase_calculation_faster_qd" time="0.150" /><testcase classname="backend.tests.test_iteration22_route_planner.TestChase" name="test_chase_calculation_slower_qd" time="0.113" /><testcase classname="backend.tests.test_iteration22_route_planner.TestLoadoutBuilderShipData" name="test_ships_have_hardpoint_structure" time="0.170" /></testsuite></testsuites>