<?xml version="1.0" encoding="utf-8"?><testsuites name="pytest tests"><testsuite name="pytest" errors="0" failures="0" skipped="0" tests="16" time="2.396" timestamp="2026-03-03T23:17:35.233761+00:00" hostname="agent-env-b659d232-acd5-49e6-bf36-9a46eb140233"><testcase classname="backend.tests.test_weapon_images_equipment.TestWeaponImages" name="test_weapons_endpoint_returns_200" time="0.238" /><testcase classname="backend.tests.test_weapon_images_equipment.TestWeaponImages" name="test_weapons_returns_38_items" time="0.146" /><testcase classname="backend.tests.test_weapon_images_equipment.TestWeaponImages" name="test_all_weapons_have_image_field" time="0.113" /><testcase classname="backend.tests.test_weapon_images_equipment.TestWeaponImages" name="test_at_least_24_weapons_have_wiki_images" time="0.144" /><testcase classname="backend.tests.test_weapon_images_equipment.TestWeaponImages" name="test_wiki_image_urls_valid" time="0.120" /><testcase classname="backend.tests.test_weapon_images_equipment.TestWeaponImages" name="test_weapons_have_required_fields" time="0.153" /><testcase classname="backend.tests.test_weapon_images_equipment.TestWeaponImages" name="test_weapon_types_distribution" time="0.115" /><testcase classname="backend.tests.test_weapon_images_equipment.TestEquipmentExpansion" name="test_equipment_endpoint_returns_200" time="0.158" /><testcase classname="backend.tests.test_weapon_images_equipment.TestEquipmentExpansion" name="test_equipment_returns_30_items" time="0.113" /><testcase classname="backend.tests.test_weapon_images_equipment.TestEquipmentExpansion" name="test_equipment_has_salvage_tools" time="0.134" /><testcase classname="backend.tests.test_weapon_images_equipment.TestEquipmentExpansion" name="test_equipment_has_scanners" time="0.132" /><testcase classname="backend.tests.test_weapon_images_equipment.TestEquipmentExpansion" name="test_equipment_has_hacking_tools" time="0.121" /><testcase classname="backend.tests.test_weapon_images_equipment.TestEquipmentExpansion" name="test_equipment_type_distribution" time="0.113" /><testcase classname="backend.tests.test_weapon_images_equipment.TestRegressionChecks" name="test_health_endpoint" time="0.192" /><testcase classname="backend.tests.test_weapon_images_equipment.TestRegressionChecks" name="test_armor_endpoint_21_items" time="0.119" /><testcase classname="backend.tests.test_weapon_images_equipment.TestRegressionChecks" name="test_armor_has_images" time="0.109" /></testsuite></testsuites>