<?xml version="1.0" encoding="utf-8"?><testsuites name="pytest tests"><testsuite name="pytest" errors="0" failures="0" skipped="0" tests="9" time="2.125" timestamp="2026-02-27T18:01:06.113231+00:00" hostname="agent-env-e00e40a0-b9c9-4e57-9d14-edae0e70ff7b"><testcase classname="backend.tests.test_quick_import.TestQuickImportBackend" name="test_ships_endpoint_returns_data" time="0.564" /><testcase classname="backend.tests.test_quick_import.TestQuickImportBackend" name="test_bulk_add_single_ship" time="0.182" /><testcase classname="backend.tests.test_quick_import.TestQuickImportBackend" name="test_bulk_add_multiple_ships" time="0.167" /><testcase classname="backend.tests.test_quick_import.TestQuickImportBackend" name="test_bulk_add_skips_duplicates" time="0.126" /><testcase classname="backend.tests.test_quick_import.TestQuickImportBackend" name="test_bulk_add_mixed_new_and_existing" time="0.222" /><testcase classname="backend.tests.test_quick_import.TestQuickImportBackend" name="test_fleet_my_returns_fleet_data" time="0.064" /><testcase classname="backend.tests.test_quick_import.TestQuickImportBackend" name="test_fleet_remove_ship" time="0.198" /><testcase classname="backend.tests.test_quick_import.TestQuickImportBackend" name="test_bulk_add_empty_array" time="0.059" /><testcase classname="backend.tests.test_quick_import.TestQuickImportBackend" name="test_cache_ttl_set" time="0.435" /></testsuite></testsuites>