<?xml version="1.0" encoding="utf-8"?><testsuites name="pytest tests"><testsuite name="pytest" errors="0" failures="1" skipped="0" tests="11" time="65.829" timestamp="2026-03-12T20:08:17.427979+00:00" hostname="agent-env-daeb211c-eba9-405f-a146-9e0d14040ff9"><testcase classname="backend.tests.test_rare_items_p3.TestRareItemsAPI" name="test_rare_items_endpoint_returns_success" time="60.241"><failure message="AssertionError: Expected 200, got 502&#10;assert 502 == 200&#10; +  where 502 = &lt;Response [502]&gt;.status_code">backend/tests/test_rare_items_p3.py:22: in test_rare_items_endpoint_returns_success
    assert response.status_code == 200, f"Expected 200, got {response.status_code}"
E   AssertionError: Expected 200, got 502
E   assert 502 == 200
E    +  where 502 = &lt;Response [502]&gt;.status_code</failure></testcase><testcase classname="backend.tests.test_rare_items_p3.TestRareItemsAPI" name="test_rare_items_have_required_fields" time="4.011" /><testcase classname="backend.tests.test_rare_items_p3.TestRareItemsAPI" name="test_rare_items_category_distribution" time="0.139" /><testcase classname="backend.tests.test_rare_items_p3.TestRareItemsAPI" name="test_rare_items_have_loot_locations" time="0.127" /><testcase classname="backend.tests.test_rare_items_p3.TestRareItemsAPI" name="test_rare_items_loot_only_flag" time="0.126" /><testcase classname="backend.tests.test_rare_items_p3.TestRareItemsAPI" name="test_rare_items_weapons_count" time="0.179" /><testcase classname="backend.tests.test_rare_items_p3.TestRareItemsAPI" name="test_rare_items_armor_count" time="0.127" /><testcase classname="backend.tests.test_rare_items_p3.TestExistingGearEndpointsRegression" name="test_weapons_endpoint_still_works" time="0.152" /><testcase classname="backend.tests.test_rare_items_p3.TestExistingGearEndpointsRegression" name="test_armor_endpoint_still_works" time="0.230" /><testcase classname="backend.tests.test_rare_items_p3.TestExistingGearEndpointsRegression" name="test_equipment_endpoint_still_works" time="0.148" /><testcase classname="backend.tests.test_rare_items_p3.TestDashboardRegression" name="test_dashboard_health" time="0.220" /></testsuite></testsuites>