<?xml version="1.0" encoding="utf-8"?><testsuites name="pytest tests"><testsuite name="pytest" errors="0" failures="0" skipped="0" tests="21" time="25.689" timestamp="2026-03-05T16:43:10.591018+00:00" hostname="agent-env-3597fa7c-6aec-4312-aa32-fe1bb6cacb59"><testcase classname="tests.test_iteration24_starmap_visual.TestRouteLocationsAPI" name="test_locations_returns_success" time="22.947" /><testcase classname="tests.test_iteration24_starmap_visual.TestRouteLocationsAPI" name="test_locations_returns_data_array" time="0.163" /><testcase classname="tests.test_iteration24_starmap_visual.TestRouteLocationsAPI" name="test_locations_returns_systems" time="0.121" /><testcase classname="tests.test_iteration24_starmap_visual.TestRouteLocationsAPI" name="test_locations_returns_qd_speeds" time="0.119" /><testcase classname="tests.test_iteration24_starmap_visual.TestRouteLocationsAPI" name="test_location_has_map_coordinates" time="0.123" /><testcase classname="tests.test_iteration24_starmap_visual.TestRouteLocationsAPI" name="test_location_types_exist" time="0.117" /><testcase classname="tests.test_iteration24_starmap_visual.TestRouteCalculationAPI" name="test_basic_route_calculation" time="0.118" /><testcase classname="tests.test_iteration24_starmap_visual.TestRouteCalculationAPI" name="test_route_includes_fuel_tracking" time="0.127" /><testcase classname="tests.test_iteration24_starmap_visual.TestRouteCalculationAPI" name="test_route_includes_travel_time" time="0.120" /><testcase classname="tests.test_iteration24_starmap_visual.TestRouteCalculationAPI" name="test_route_includes_waypoints" time="0.108" /><testcase classname="tests.test_iteration24_starmap_visual.TestRouteCalculationAPI" name="test_cross_system_route_has_jump_waypoints" time="0.119" /><testcase classname="tests.test_iteration24_starmap_visual.TestRouteCalculationAPI" name="test_custom_qd_speed_override" time="0.212" /><testcase classname="tests.test_iteration24_starmap_visual.TestRouteCalculationAPI" name="test_invalid_location_returns_error" time="0.108" /><testcase classname="tests.test_iteration24_starmap_visual.TestInterdictionAPI" name="test_interdiction_basic_calculation" time="0.109" /><testcase classname="tests.test_iteration24_starmap_visual.TestInterdictionAPI" name="test_interdiction_returns_snare_position" time="0.116" /><testcase classname="tests.test_iteration24_starmap_visual.TestInterdictionAPI" name="test_interdiction_returns_coverage" time="0.169" /><testcase classname="tests.test_iteration24_starmap_visual.TestInterdictionAPI" name="test_interdiction_returns_route_lines" time="0.109" /><testcase classname="tests.test_iteration24_starmap_visual.TestChaseAPI" name="test_chase_faster_can_catch" time="0.107" /><testcase classname="tests.test_iteration24_starmap_visual.TestChaseAPI" name="test_chase_slower_cannot_catch" time="0.167" /><testcase classname="tests.test_iteration24_starmap_visual.TestChaseAPI" name="test_chase_returns_timing_data" time="0.154" /><testcase classname="tests.test_iteration24_starmap_visual.TestChaseAPI" name="test_chase_returns_verdict" time="0.120" /></testsuite></testsuites>