<?xml version="1.0" encoding="utf-8"?><testsuites name="pytest tests"><testsuite name="pytest" errors="0" failures="0" skipped="0" tests="9" time="1.437" timestamp="2026-03-14T08:34:25.776866+00:00" hostname="agent-env-abae7190-4f9e-496e-afa5-360029ee1e32"><testcase classname="backend.tests.test_iteration40_shopping_route.TestStartingLocations" name="test_starting_locations_returns_success" time="0.173" /><testcase classname="backend.tests.test_iteration40_shopping_route.TestStartingLocations" name="test_starting_locations_has_required_fields" time="0.105" /><testcase classname="backend.tests.test_iteration40_shopping_route.TestStartingLocations" name="test_starting_locations_are_dockable_types" time="0.131" /><testcase classname="backend.tests.test_iteration40_shopping_route.TestShoppingTripRouteOrdering" name="test_shopping_trip_without_origin" time="0.103" /><testcase classname="backend.tests.test_iteration40_shopping_route.TestShoppingTripRouteOrdering" name="test_shopping_trip_with_origin_returns_reordered_stops" time="0.195" /><testcase classname="backend.tests.test_iteration40_shopping_route.TestShoppingTripRouteOrdering" name="test_shopping_trip_route_changes_with_different_origin" time="0.286" /><testcase classname="backend.tests.test_iteration40_shopping_route.TestShoppingTripRouteOrdering" name="test_shopping_trip_response_has_route_data" time="0.098" /><testcase classname="backend.tests.test_iteration40_shopping_route.TestInvalidInputHandling" name="test_shopping_trip_invalid_origin" time="0.109" /><testcase classname="backend.tests.test_iteration40_shopping_route.TestInvalidInputHandling" name="test_shopping_trip_empty_stores" time="0.134" /></testsuite></testsuites>