<?xml version="1.0" encoding="utf-8"?><testsuites name="pytest tests"><testsuite name="pytest" errors="0" failures="1" skipped="0" tests="13" time="137.794" timestamp="2026-03-10T17:57:07.494704+00:00" hostname="agent-env-00f10b27-a015-4965-a10b-f5a266923ccf"><testcase classname="backend.tests.test_iteration29_cstone_migration.TestAuth" name="test_register_user" time="60.129"><failure message="assert 502 in [200, 400]&#10; +  where 502 = &lt;Response [502]&gt;.status_code">backend/tests/test_iteration29_cstone_migration.py:53: in test_register_user
    assert response.status_code in [200, 400]
E   assert 502 in [200, 400]
E    +  where 502 = &lt;Response [502]&gt;.status_code</failure></testcase><testcase classname="backend.tests.test_iteration29_cstone_migration.TestAuth" name="test_login_user" time="13.685" /><testcase classname="backend.tests.test_iteration29_cstone_migration.TestShipsEndpoint" name="test_ships_endpoint_returns_cstone_live_source" time="60.196" /><testcase classname="backend.tests.test_iteration29_cstone_migration.TestShipsEndpoint" name="test_ships_have_cstone_fields" time="0.269" /><testcase classname="backend.tests.test_iteration29_cstone_migration.TestShipsEndpoint" name="test_ships_have_purchase_details" time="0.092" /><testcase classname="backend.tests.test_iteration29_cstone_migration.TestShipsEndpoint" name="test_ships_have_wiki_api_specs" time="0.109" /><testcase classname="backend.tests.test_iteration29_cstone_migration.TestShipsEndpoint" name="test_avenger_titan_cstone_data" time="0.152" /><testcase classname="backend.tests.test_iteration29_cstone_migration.TestVehiclesEndpoint" name="test_vehicles_endpoint_returns_cstone_live" time="0.521" /><testcase classname="backend.tests.test_iteration29_cstone_migration.TestVehiclesEndpoint" name="test_vehicles_have_cstone_fields" time="0.057" /><testcase classname="backend.tests.test_iteration29_cstone_migration.TestItemLocations" name="test_item_locations_endpoint" time="0.582" /><testcase classname="backend.tests.test_iteration29_cstone_migration.TestComponentsEndpoint" name="test_components_endpoint_cstone_source" time="0.961" /><testcase classname="backend.tests.test_iteration29_cstone_migration.TestWeaponsEndpoint" name="test_weapons_endpoint_cstone_source" time="0.473" /><testcase classname="backend.tests.test_iteration29_cstone_migration.TestMissilesEndpoint" name="test_missiles_endpoint_cstone_source" time="0.457" /></testsuite></testsuites>