<?xml version="1.0" encoding="utf-8"?><testsuites name="pytest tests"><testsuite name="pytest" errors="0" failures="0" skipped="0" tests="20" time="26.841" timestamp="2026-03-05T16:59:30.428730+00:00" hostname="agent-env-3597fa7c-6aec-4312-aa32-fe1bb6cacb59"><testcase classname="backend.tests.test_iteration25_interdiction_enhancements.TestInterdictionEnhancements" name="test_interdiction_accepts_qd_size_params" time="23.953" /><testcase classname="backend.tests.test_iteration25_interdiction_enhancements.TestInterdictionEnhancements" name="test_route_details_per_route_timing" time="0.162" /><testcase classname="backend.tests.test_iteration25_interdiction_enhancements.TestInterdictionEnhancements" name="test_route_details_covered_uncovered_status" time="0.155" /><testcase classname="backend.tests.test_iteration25_interdiction_enhancements.TestInterdictionEnhancements" name="test_escape_analysis_speed_comparison" time="0.110" /><testcase classname="backend.tests.test_iteration25_interdiction_enhancements.TestInterdictionEnhancements" name="test_escape_analysis_you_are_faster" time="0.136" /><testcase classname="backend.tests.test_iteration25_interdiction_enhancements.TestInterdictionEnhancements" name="test_tactical_notes_generated" time="0.110" /><testcase classname="backend.tests.test_iteration25_interdiction_enhancements.TestInterdictionEnhancements" name="test_nearby_pois_returned" time="0.110" /><testcase classname="backend.tests.test_iteration25_interdiction_enhancements.TestInterdictionEnhancements" name="test_timing_arrival_times" time="0.109" /><testcase classname="backend.tests.test_iteration25_interdiction_enhancements.TestInterdictionEnhancements" name="test_timing_note_generated" time="0.140" /><testcase classname="backend.tests.test_iteration25_interdiction_enhancements.TestInterdictionEnhancements" name="test_second_snare_suggestion_when_low_coverage" time="0.139" /><testcase classname="backend.tests.test_iteration25_interdiction_enhancements.TestInterdictionEnhancements" name="test_second_snare_null_when_full_coverage" time="0.113" /><testcase classname="backend.tests.test_iteration25_interdiction_enhancements.TestInterdictionEnhancements" name="test_cross_system_interdiction" time="0.167" /><testcase classname="backend.tests.test_iteration25_interdiction_enhancements.TestInterdictionEnhancements" name="test_all_cities_as_origins_preset" time="0.225" /><testcase classname="backend.tests.test_iteration25_interdiction_enhancements.TestInterdictionEnhancements" name="test_all_stations_as_origins_preset" time="0.246" /><testcase classname="backend.tests.test_iteration25_interdiction_enhancements.TestInterdictionEnhancements" name="test_all_rest_stops_as_origins_preset" time="0.234" /><testcase classname="backend.tests.test_iteration25_interdiction_enhancements.TestRouteTabRegression" name="test_route_calculation_basic" time="0.108" /><testcase classname="backend.tests.test_iteration25_interdiction_enhancements.TestRouteTabRegression" name="test_cross_system_route" time="0.119" /><testcase classname="backend.tests.test_iteration25_interdiction_enhancements.TestChaseTabRegression" name="test_chase_calculation_can_catch" time="0.123" /><testcase classname="backend.tests.test_iteration25_interdiction_enhancements.TestChaseTabRegression" name="test_chase_calculation_cannot_catch" time="0.118" /><testcase classname="backend.tests.test_iteration25_interdiction_enhancements.TestQDSpeedsConsistency" name="test_qd_speeds_available" time="0.135" /></testsuite></testsuites>