<?xml version="1.0" encoding="utf-8"?><testsuites name="pytest tests"><testsuite name="pytest" errors="0" failures="0" skipped="0" tests="15" time="9.064" timestamp="2026-03-04T02:12:27.301278+00:00" hostname="agent-env-5b4d2f5c-b58f-4623-9d93-dd70c51f4604"><testcase classname="backend.tests.test_weapon_variant_iteration17.TestWeaponVariantImages" name="test_weapons_endpoint_returns_success" time="7.034" /><testcase classname="backend.tests.test_weapon_variant_iteration17.TestWeaponVariantImages" name="test_weapons_have_variant_images_field" time="0.138" /><testcase classname="backend.tests.test_weapon_variant_iteration17.TestWeaponVariantImages" name="test_weapons_have_variant_data_field" time="0.127" /><testcase classname="backend.tests.test_weapon_variant_iteration17.TestWeaponVariantImages" name="test_arclight_pistol_has_variants" time="0.150" /><testcase classname="backend.tests.test_weapon_variant_iteration17.TestWeaponVariantImages" name="test_variant_data_has_required_fields" time="0.147" /><testcase classname="backend.tests.test_weapon_variant_iteration17.TestWeaponVariantImages" name="test_loot_only_variants_exist" time="0.122" /><testcase classname="backend.tests.test_weapon_variant_iteration17.TestWeaponVariantImages" name="test_loot_only_variants_have_loot_locations" time="0.130" /><testcase classname="backend.tests.test_weapon_variant_iteration17.TestArmorVariantRegression" name="test_armor_endpoint_returns_success" time="0.112" /><testcase classname="backend.tests.test_weapon_variant_iteration17.TestArmorVariantRegression" name="test_armor_has_variant_images_and_data" time="0.119" /><testcase classname="backend.tests.test_weapon_variant_iteration17.TestArmorVariantRegression" name="test_adp_armor_has_cstone_images" time="0.117" /><testcase classname="backend.tests.test_weapon_variant_iteration17.TestEquipmentModal" name="test_equipment_endpoint_returns_success" time="0.159" /><testcase classname="backend.tests.test_weapon_variant_iteration17.TestEquipmentModal" name="test_equipment_has_required_fields" time="0.110" /><testcase classname="backend.tests.test_weapon_variant_iteration17.TestEquipmentModal" name="test_equipment_has_stats_for_modal" time="0.117" /><testcase classname="backend.tests.test_weapon_variant_iteration17.TestWeaponBaseImage" name="test_weapons_have_base_image" time="0.167" /><testcase classname="backend.tests.test_weapon_variant_iteration17.TestWeaponBaseImage" name="test_majority_weapons_have_cstone_images" time="0.143" /></testsuite></testsuites>