<?xml version="1.0" encoding="utf-8"?><testsuites name="pytest tests"><testsuite name="pytest" errors="0" failures="0" skipped="0" tests="20" time="28.616" timestamp="2026-03-14T18:49:54.443194+00:00" hostname="agent-env-abae7190-4f9e-496e-afa5-360029ee1e32"><testcase classname="backend.tests.test_iteration41_hardpoints_routes.TestShoppingRouteLocationResolution" name="test_resolve_pyro_hierarchical_format" time="0.198" /><testcase classname="backend.tests.test_iteration41_hardpoints_routes.TestShoppingRouteLocationResolution" name="test_resolve_stanton_arccorp_format" time="0.123" /><testcase classname="backend.tests.test_iteration41_hardpoints_routes.TestShoppingRouteLocationResolution" name="test_resolve_with_origin_id" time="0.235" /><testcase classname="backend.tests.test_iteration41_hardpoints_routes.TestShoppingRouteLocationResolution" name="test_starting_locations_returns_dockable" time="0.122" /><testcase classname="backend.tests.test_iteration41_hardpoints_routes.TestShipHardpoints" name="test_gladius_hardpoints" time="25.381" /><testcase classname="backend.tests.test_iteration41_hardpoints_routes.TestShipHardpoints" name="test_arrow_hardpoints" time="0.172" /><testcase classname="backend.tests.test_iteration41_hardpoints_routes.TestShipHardpoints" name="test_cutlass_black_hardpoints" time="0.158" /><testcase classname="backend.tests.test_iteration41_hardpoints_routes.TestShipHardpoints" name="test_constellation_andromeda_hardpoints" time="0.151" /><testcase classname="backend.tests.test_iteration41_hardpoints_routes.TestShipHardpoints" name="test_vanguard_warden_hardpoints" time="0.154" /><testcase classname="backend.tests.test_iteration41_hardpoints_routes.TestShipHardpoints" name="test_eclipse_hardpoints" time="0.159" /><testcase classname="backend.tests.test_iteration41_hardpoints_routes.TestShipHardpoints" name="test_freelancer_hardpoints" time="0.156" /><testcase classname="backend.tests.test_iteration41_hardpoints_routes.TestShipHardpoints" name="test_sabre_hardpoints" time="0.154" /><testcase classname="backend.tests.test_iteration41_hardpoints_routes.TestShipHardpoints" name="test_redeemer_hardpoints" time="0.146" /><testcase classname="backend.tests.test_iteration41_hardpoints_routes.TestShipHardpoints" name="test_hurricane_hardpoints" time="0.184" /><testcase classname="backend.tests.test_iteration41_hardpoints_routes.TestShipHardpoints" name="test_corsair_hardpoints" time="0.156" /><testcase classname="backend.tests.test_iteration41_hardpoints_routes.TestShipHardpoints" name="test_aurora_mr_hardpoints" time="0.150" /><testcase classname="backend.tests.test_iteration41_hardpoints_routes.TestShipHardpoints" name="test_mustang_alpha_hardpoints" time="0.151" /><testcase classname="backend.tests.test_iteration41_hardpoints_routes.TestShipHardpoints" name="test_talon_hardpoints" time="0.231" /><testcase classname="backend.tests.test_iteration41_hardpoints_routes.TestShipHardpoints" name="test_talon_shrike_hardpoints" time="0.140" /><testcase classname="backend.tests.test_iteration41_hardpoints_routes.TestShipHardpoints" name="test_nomad_hardpoints" time="0.177" /></testsuite></testsuites>