<?xml version="1.0" encoding="utf-8"?><testsuites name="pytest tests"><testsuite name="pytest" errors="0" failures="0" skipped="0" tests="10" time="1.980" timestamp="2026-03-03T19:42:34.749441+00:00" hostname="agent-env-000e31f6-d276-4bfc-a2f8-f3bba1294fb5"><testcase classname="tests.test_routes.TestRoutesPlannerAPI" name="test_get_locations_success" time="0.202" /><testcase classname="tests.test_routes.TestRoutesPlannerAPI" name="test_locations_have_required_fields" time="0.158" /><testcase classname="tests.test_routes.TestRoutesPlannerAPI" name="test_locations_grouped_by_system" time="0.109" /><testcase classname="tests.test_routes.TestRoutesPlannerAPI" name="test_calculate_same_system_route" time="0.151" /><testcase classname="tests.test_routes.TestRoutesPlannerAPI" name="test_calculate_cross_system_route" time="0.207" /><testcase classname="tests.test_routes.TestRoutesPlannerAPI" name="test_qd_size_affects_travel_time" time="0.363" /><testcase classname="tests.test_routes.TestRoutesPlannerAPI" name="test_calculate_route_same_origin_destination_error" time="0.107" /><testcase classname="tests.test_routes.TestRoutesPlannerAPI" name="test_calculate_route_invalid_location_error" time="0.207" /><testcase classname="tests.test_routes.TestRoutesPlannerAPI" name="test_location_types_present" time="0.179" /><testcase classname="tests.test_routes.TestRoutesPlannerAPI" name="test_cross_system_nyx_route" time="0.118" /></testsuite></testsuites>