<?xml version="1.0" encoding="utf-8"?><testsuites name="pytest tests"><testsuite name="pytest" errors="0" failures="0" skipped="0" tests="27" time="7.016" timestamp="2026-02-27T16:54:27.771058+00:00" hostname="agent-env-e00e40a0-b9c9-4e57-9d14-edae0e70ff7b"><testcase classname="backend.tests.test_api.TestAuthentication" name="test_login_success" time="0.247" /><testcase classname="backend.tests.test_api.TestAuthentication" name="test_login_missing_fields" time="0.108" /><testcase classname="backend.tests.test_api.TestShipsAPI" name="test_get_ships_requires_auth" time="0.148" /><testcase classname="backend.tests.test_api.TestShipsAPI" name="test_get_ships_with_auth" time="0.560" /><testcase classname="backend.tests.test_api.TestShipsAPI" name="test_ships_have_wiki_images" time="0.481" /><testcase classname="backend.tests.test_api.TestVehiclesAPI" name="test_get_vehicles_requires_auth" time="0.118" /><testcase classname="backend.tests.test_api.TestVehiclesAPI" name="test_get_vehicles_with_auth" time="0.247" /><testcase classname="backend.tests.test_api.TestVehiclesAPI" name="test_vehicles_have_wiki_images" time="0.273" /><testcase classname="backend.tests.test_api.TestComponentsAPI" name="test_get_components_requires_auth" time="0.111" /><testcase classname="backend.tests.test_api.TestComponentsAPI" name="test_get_components_with_auth" time="0.267" /><testcase classname="backend.tests.test_api.TestComponentsAPI" name="test_components_have_size_field" time="0.235" /><testcase classname="backend.tests.test_api.TestComponentsAPI" name="test_components_have_location" time="0.293" /><testcase classname="backend.tests.test_api.TestComponentsAPI" name="test_components_have_price" time="0.235" /><testcase classname="backend.tests.test_api.TestComponentsAPI" name="test_components_multiple_sizes" time="0.273" /><testcase classname="backend.tests.test_api.TestWeaponsAPI" name="test_get_weapons_requires_auth" time="0.115" /><testcase classname="backend.tests.test_api.TestWeaponsAPI" name="test_get_weapons_with_auth" time="0.254" /><testcase classname="backend.tests.test_api.TestWeaponsAPI" name="test_weapons_have_size_field" time="0.236" /><testcase classname="backend.tests.test_api.TestWeaponsAPI" name="test_weapons_have_location" time="0.219" /><testcase classname="backend.tests.test_api.TestWeaponsAPI" name="test_weapons_have_price" time="0.229" /><testcase classname="backend.tests.test_api.TestWeaponsAPI" name="test_weapons_multiple_sizes" time="0.216" /><testcase classname="backend.tests.test_api.TestWeaponsAPI" name="test_weapons_have_type_field" time="0.268" /><testcase classname="backend.tests.test_api.TestFleetAPI" name="test_get_fleet_requires_auth" time="0.103" /><testcase classname="backend.tests.test_api.TestFleetAPI" name="test_get_empty_fleet" time="0.288" /><testcase classname="backend.tests.test_api.TestFleetAPI" name="test_add_ship_to_fleet" time="0.245" /><testcase classname="backend.tests.test_api.TestFleetAPI" name="test_add_and_verify_fleet" time="0.361" /><testcase classname="backend.tests.test_api.TestFleetAPI" name="test_remove_from_fleet" time="0.542" /><testcase classname="backend.tests.test_api.TestUpgradesAPI" name="test_get_upgrades_for_ship" time="0.218" /></testsuite></testsuites>