<?xml version="1.0" encoding="utf-8"?><testsuites name="pytest tests"><testsuite name="pytest" errors="0" failures="0" skipped="0" tests="9" time="1.573" timestamp="2026-03-16T16:13:02.603583+00:00" hostname="agent-env-dd3e1818-2a1e-4f78-9916-dab402494cf0"><testcase classname="backend.tests.test_iteration43_shopping_route.TestShoppingRouteGateJumpPenalty" name="test_stanton_origin_visits_stanton_stores_first" time="0.242" /><testcase classname="backend.tests.test_iteration43_shopping_route.TestShoppingRouteGateJumpPenalty" name="test_pyro_origin_visits_pyro_stores_first" time="0.126" /><testcase classname="backend.tests.test_iteration43_shopping_route.TestShoppingRouteGateJumpPenalty" name="test_same_system_no_gate_jumps" time="0.163" /><testcase classname="backend.tests.test_iteration43_shopping_route.TestShoppingRouteGateJumpPenalty" name="test_legs_have_type_field" time="0.149" /><testcase classname="backend.tests.test_iteration43_shopping_route.TestShoppingRouteGateJumpPenalty" name="test_cross_system_broken_into_sub_legs" time="0.165" /><testcase classname="backend.tests.test_iteration43_shopping_route.TestShoppingRouteGateJumpPenalty" name="test_default_nearest_neighbor_without_origin" time="0.134" /><testcase classname="backend.tests.test_iteration43_shopping_route.TestShoppingRouteWithDifferentOrigins" name="test_area18_origin_stanton_stores" time="0.146" /><testcase classname="backend.tests.test_iteration43_shopping_route.TestShoppingRouteWithDifferentOrigins" name="test_new_babbage_origin_cross_system" time="0.147" /><testcase classname="backend.tests.test_iteration43_shopping_route.TestStartingLocationsEndpoint" name="test_get_starting_locations" time="0.132" /></testsuite></testsuites>