<?xml version="1.0" encoding="utf-8"?><testsuites name="pytest tests"><testsuite name="pytest" errors="0" failures="0" skipped="0" tests="22" time="3.678" timestamp="2026-03-14T08:02:00.461667+00:00" hostname="agent-env-abae7190-4f9e-496e-afa5-360029ee1e32"><testcase classname="backend.tests.test_iteration39_starting_location.TestStartingLocationsEndpoint" name="test_starting_locations_returns_success" time="0.284" /><testcase classname="backend.tests.test_iteration39_starting_location.TestStartingLocationsEndpoint" name="test_starting_locations_returns_dockable_types_only" time="0.171" /><testcase classname="backend.tests.test_iteration39_starting_location.TestStartingLocationsEndpoint" name="test_starting_locations_has_required_fields" time="0.166" /><testcase classname="backend.tests.test_iteration39_starting_location.TestStartingLocationsEndpoint" name="test_starting_locations_grouped_by_system" time="0.135" /><testcase classname="backend.tests.test_iteration39_starting_location.TestStartingLocationsEndpoint" name="test_starting_locations_count" time="0.178" /><testcase classname="backend.tests.test_iteration39_starting_location.TestShoppingTripWithOrigin" name="test_shopping_trip_with_origin_returns_origin_in_response" time="0.131" /><testcase classname="backend.tests.test_iteration39_starting_location.TestShoppingTripWithOrigin" name="test_shopping_trip_without_origin_has_null_origin" time="0.139" /><testcase classname="backend.tests.test_iteration39_starting_location.TestShoppingTripWithOrigin" name="test_shopping_trip_origin_changes_route_order" time="0.278" /><testcase classname="backend.tests.test_iteration39_starting_location.TestShoppingTripWithOrigin" name="test_shopping_trip_origin_adds_extra_leg" time="0.134" /><testcase classname="backend.tests.test_iteration39_starting_location.TestShoppingTripWithOrigin" name="test_shopping_trip_origin_with_single_store" time="0.177" /><testcase classname="backend.tests.test_iteration39_starting_location.TestShoppingTripWithOrigin" name="test_shopping_trip_invalid_origin_id" time="0.156" /><testcase classname="backend.tests.test_iteration39_starting_location.TestShoppingTripWithOrigin" name="test_shopping_trip_origin_same_as_store" time="0.135" /><testcase classname="backend.tests.test_iteration39_starting_location.TestShoppingTripBackwardsCompatibility" name="test_shopping_trip_basic_route" time="0.126" /><testcase classname="backend.tests.test_iteration39_starting_location.TestShoppingTripBackwardsCompatibility" name="test_shopping_trip_response_structure" time="0.142" /><testcase classname="backend.tests.test_iteration39_starting_location.TestDifferentOriginLocations" name="test_origin_types[lorville-Lorville-city]" time="0.139" /><testcase classname="backend.tests.test_iteration39_starting_location.TestDifferentOriginLocations" name="test_origin_types[area18-Area 18-city]" time="0.163" /><testcase classname="backend.tests.test_iteration39_starting_location.TestDifferentOriginLocations" name="test_origin_types[orison-Orison-city]" time="0.126" /><testcase classname="backend.tests.test_iteration39_starting_location.TestDifferentOriginLocations" name="test_origin_types[new-babbage-New Babbage-city]" time="0.129" /><testcase classname="backend.tests.test_iteration39_starting_location.TestDifferentOriginLocations" name="test_origin_types[port-olisar-Port Olisar-station]" time="0.161" /><testcase classname="backend.tests.test_iteration39_starting_location.TestDifferentOriginLocations" name="test_origin_types[grim-hex-Grim HEX-station]" time="0.122" /><testcase classname="backend.tests.test_iteration39_starting_location.TestDifferentOriginLocations" name="test_origin_types[everus-harbor-Everus Harbor-station]" time="0.148" /><testcase classname="backend.tests.test_iteration39_starting_location.TestDifferentOriginLocations" name="test_origin_types[hur-r1-R&amp;R HUR-L1-rest_stop]" time="0.127" /></testsuite></testsuites>