<?xml version="1.0" encoding="utf-8"?><testsuites name="pytest tests"><testsuite name="pytest" errors="0" failures="0" skipped="0" tests="38" time="9.306" timestamp="2026-03-03T21:27:29.888355+00:00" hostname="agent-env-b659d232-acd5-49e6-bf36-9a46eb140233"><testcase classname="backend.tests.test_refactor_regression.TestHealthEndpoint" name="test_health_returns_ok" time="0.156" /><testcase classname="backend.tests.test_refactor_regression.TestAuthRoutes" name="test_login_existing_user" time="0.394" /><testcase classname="backend.tests.test_refactor_regression.TestAuthRoutes" name="test_register_new_user" time="0.372" /><testcase classname="backend.tests.test_refactor_regression.TestAuthRoutes" name="test_register_duplicate_username_fails" time="0.109" /><testcase classname="backend.tests.test_refactor_regression.TestAuthRoutes" name="test_login_wrong_password_fails" time="0.343" /><testcase classname="backend.tests.test_refactor_regression.TestShipsRoutes" name="test_get_ships_returns_data" time="0.539" /><testcase classname="backend.tests.test_refactor_regression.TestShipsRoutes" name="test_get_vehicles_returns_data" time="0.470" /><testcase classname="backend.tests.test_refactor_regression.TestShipsRoutes" name="test_get_components_returns_data" time="0.541" /><testcase classname="backend.tests.test_refactor_regression.TestShipsRoutes" name="test_get_weapons_returns_data" time="0.477" /><testcase classname="backend.tests.test_refactor_regression.TestShipsRoutes" name="test_ships_without_auth_fails" time="0.107" /><testcase classname="backend.tests.test_refactor_regression.TestFleetRoutes" name="test_get_my_fleet" time="0.502" /><testcase classname="backend.tests.test_refactor_regression.TestFleetRoutes" name="test_add_ship_to_fleet" time="0.471" /><testcase classname="backend.tests.test_refactor_regression.TestFleetRoutes" name="test_bulk_add_to_fleet" time="0.495" /><testcase classname="backend.tests.test_refactor_regression.TestFleetRoutes" name="test_delete_from_fleet_nonexistent" time="0.513" /><testcase classname="backend.tests.test_refactor_regression.TestLoadoutsRoutes" name="test_get_my_loadouts" time="0.499" /><testcase classname="backend.tests.test_refactor_regression.TestLoadoutsRoutes" name="test_save_loadout" time="0.492" /><testcase classname="backend.tests.test_refactor_regression.TestLoadoutsRoutes" name="test_community_loadouts_public" time="0.119" /><testcase classname="backend.tests.test_refactor_regression.TestLoadoutsRoutes" name="test_community_loadout_by_share_code_nonexistent" time="0.112" /><testcase classname="backend.tests.test_refactor_regression.TestStarmapRoutes" name="test_get_locations" time="0.118" /><testcase classname="backend.tests.test_refactor_regression.TestStarmapRoutes" name="test_calculate_route_same_system" time="0.110" /><testcase classname="backend.tests.test_refactor_regression.TestStarmapRoutes" name="test_calculate_route_cross_system" time="0.114" /><testcase classname="backend.tests.test_refactor_regression.TestStarmapRoutes" name="test_calculate_route_invalid_location" time="0.127" /><testcase classname="backend.tests.test_refactor_regression.TestStarmapRoutes" name="test_interdiction_calculation" time="0.118" /><testcase classname="backend.tests.test_refactor_regression.TestStarmapRoutes" name="test_chase_calculation" time="0.110" /><testcase classname="backend.tests.test_refactor_regression.TestGearRoutes" name="test_get_fps_weapons" time="0.110" /><testcase classname="backend.tests.test_refactor_regression.TestGearRoutes" name="test_get_armor_sets" time="0.119" /><testcase classname="backend.tests.test_refactor_regression.TestAuthenticationRequired" name="test_ships_requires_auth" time="0.151" /><testcase classname="backend.tests.test_refactor_regression.TestAuthenticationRequired" name="test_vehicles_requires_auth" time="0.166" /><testcase classname="backend.tests.test_refactor_regression.TestAuthenticationRequired" name="test_components_requires_auth" time="0.108" /><testcase classname="backend.tests.test_refactor_regression.TestAuthenticationRequired" name="test_weapons_requires_auth" time="0.114" /><testcase classname="backend.tests.test_refactor_regression.TestAuthenticationRequired" name="test_fleet_my_requires_auth" time="0.121" /><testcase classname="backend.tests.test_refactor_regression.TestAuthenticationRequired" name="test_loadouts_my_requires_auth" time="0.115" /><testcase classname="backend.tests.test_refactor_regression.TestPublicEndpoints" name="test_health_is_public" time="0.105" /><testcase classname="backend.tests.test_refactor_regression.TestPublicEndpoints" name="test_gear_weapons_is_public" time="0.107" /><testcase classname="backend.tests.test_refactor_regression.TestPublicEndpoints" name="test_gear_armor_is_public" time="0.107" /><testcase classname="backend.tests.test_refactor_regression.TestPublicEndpoints" name="test_routes_locations_is_public" time="0.123" /><testcase classname="backend.tests.test_refactor_regression.TestPublicEndpoints" name="test_routes_calculate_is_public" time="0.109" /><testcase classname="backend.tests.test_refactor_regression.TestPublicEndpoints" name="test_community_loadouts_is_public" time="0.111" /></testsuite></testsuites>