<?xml version="1.0" encoding="utf-8"?><testsuites name="pytest tests"><testsuite name="pytest" errors="0" failures="0" skipped="0" tests="20" time="11.214" timestamp="2026-03-04T02:50:19.942437+00:00" hostname="agent-env-5b4d2f5c-b58f-4623-9d93-dd70c51f4604"><testcase classname="tests.test_iteration19_armor_expansion.TestArmorExpansion" name="test_total_armor_count_is_55" time="10.682" /><testcase classname="tests.test_iteration19_armor_expansion.TestArmorExpansion" name="test_all_27_new_sets_present" time="0.000" /><testcase classname="tests.test_iteration19_armor_expansion.TestArmorExpansion" name="test_type_distribution" time="0.000" /><testcase classname="tests.test_iteration19_armor_expansion.TestArmorExpansion" name="test_cstone_images_for_52_sets" time="0.000" /><testcase classname="tests.test_iteration19_armor_expansion.TestArmorExpansion" name="test_new_sets_have_cstone_images" time="0.000" /><testcase classname="tests.test_iteration19_armor_expansion.TestArmorExpansion" name="test_strata_has_12_variants" time="0.000" /><testcase classname="tests.test_iteration19_armor_expansion.TestArmorExpansion" name="test_testudo_has_7_variants" time="0.000" /><testcase classname="tests.test_iteration19_armor_expansion.TestArmorExpansion" name="test_geist_armor_has_8_variants" time="0.000" /><testcase classname="tests.test_iteration19_armor_expansion.TestArmorExpansion" name="test_dcp_armor_has_6_variants" time="0.000" /><testcase classname="tests.test_iteration19_armor_expansion.TestArmorExpansion" name="test_microid_battle_suit_has_5_variants" time="0.000" /><testcase classname="tests.test_iteration19_armor_expansion.TestArmorExpansion" name="test_loot_only_sets_have_price_zero" time="0.000" /><testcase classname="tests.test_iteration19_armor_expansion.TestArmorExpansion" name="test_loot_only_sets_have_sold_false_in_variant_data" time="0.000" /><testcase classname="tests.test_iteration19_armor_expansion.TestArmorExpansion" name="test_purchasable_sets_have_price" time="0.000" /><testcase classname="tests.test_iteration19_armor_expansion.TestArmorExpansion" name="test_purchasable_sets_have_locations" time="0.000" /><testcase classname="tests.test_iteration19_armor_expansion.TestArmorExpansion" name="test_variant_data_structure" time="0.000" /><testcase classname="tests.test_iteration19_armor_expansion.TestArmorRegressionCheck" name="test_original_adp_armor_still_works" time="0.175" /><testcase classname="tests.test_iteration19_armor_expansion.TestArmorRegressionCheck" name="test_original_citadel_armor_still_works" time="0.000" /><testcase classname="tests.test_iteration19_armor_expansion.TestArmorRegressionCheck" name="test_all_armor_have_required_fields" time="0.000" /><testcase classname="tests.test_iteration19_armor_expansion.TestWeaponsRegression" name="test_weapons_endpoint_returns_50_items" time="0.158" /><testcase classname="tests.test_iteration19_armor_expansion.TestEquipmentRegression" name="test_equipment_endpoint_returns_30_items" time="0.117" /></testsuite></testsuites>