<?xml version="1.0" encoding="utf-8"?><testsuites name="pytest tests"><testsuite name="pytest" errors="0" failures="1" skipped="0" tests="24" time="89.407" timestamp="2026-03-12T15:24:39.223331+00:00" hostname="agent-env-daeb211c-eba9-405f-a146-9e0d14040ff9"><testcase classname="tests.test_full_revalidation.TestHealthAndBasics" name="test_health_endpoint" time="0.187" /><testcase classname="tests.test_full_revalidation.TestAuth" name="test_login_existing_user" time="0.424" /><testcase classname="tests.test_full_revalidation.TestAuth" name="test_login_invalid_credentials" time="0.335" /><testcase classname="tests.test_full_revalidation.TestAuth" name="test_register_new_user" time="0.384" /><testcase classname="tests.test_full_revalidation.TestShipsAPI" name="test_get_ships" time="19.346" /><testcase classname="tests.test_full_revalidation.TestShipsAPI" name="test_get_vehicles" time="0.512" /><testcase classname="tests.test_full_revalidation.TestComponentsWeaponsAPI" name="test_get_components" time="0.535" /><testcase classname="tests.test_full_revalidation.TestComponentsWeaponsAPI" name="test_get_weapons" time="0.527" /><testcase classname="tests.test_full_revalidation.TestComponentsWeaponsAPI" name="test_get_missiles" time="0.483" /><testcase classname="tests.test_full_revalidation.TestFleetAPI" name="test_get_my_fleet" time="0.470" /><testcase classname="tests.test_full_revalidation.TestFleetAPI" name="test_add_ship_to_fleet" time="0.453" /><testcase classname="tests.test_full_revalidation.TestLoadoutsAPI" name="test_get_all_loadouts" time="0.457" /><testcase classname="tests.test_full_revalidation.TestLoadoutsAPI" name="test_save_loadout" time="0.463" /><testcase classname="tests.test_full_revalidation.TestLoadoutsAPI" name="test_get_ship_loadouts" time="0.602" /><testcase classname="tests.test_full_revalidation.TestLoadoutsAPI" name="test_community_loadouts" time="0.629" /><testcase classname="tests.test_full_revalidation.TestRoutesAPI" name="test_get_route_locations" time="0.130" /><testcase classname="tests.test_full_revalidation.TestRoutesAPI" name="test_calculate_route" time="0.152" /><testcase classname="tests.test_full_revalidation.TestGearAPI" name="test_get_fps_weapons" time="30.078"><failure message="requests.exceptions.ReadTimeout: HTTPSConnectionPool(host='fleet-forge-1.preview.emergentagent.com', port=443): Read timed out. (read timeout=30)">/root/.venv/lib/python3.11/site-packages/urllib3/connectionpool.py:534: in _make_request
    response = conn.getresponse()
               ^^^^^^^^^^^^^^^^^^
/root/.venv/lib/python3.11/site-packages/urllib3/connection.py:571: in getresponse
    httplib_response = super().getresponse()
                       ^^^^^^^^^^^^^^^^^^^^^
/usr/local/lib/python3.11/http/client.py:1395: in getresponse
    response.begin()
/usr/local/lib/python3.11/http/client.py:325: in begin
    version, status, reason = self._read_status()
                              ^^^^^^^^^^^^^^^^^^^
/usr/local/lib/python3.11/http/client.py:286: in _read_status
    line = str(self.fp.readline(_MAXLINE + 1), "iso-8859-1")
               ^^^^^^^^^^^^^^^^^^^^^^^^^^^^^^
/usr/local/lib/python3.11/socket.py:718: in readinto
    return self._sock.recv_into(b)
           ^^^^^^^^^^^^^^^^^^^^^^^
/usr/local/lib/python3.11/ssl.py:1314: in recv_into
    return self.read(nbytes, buffer)
           ^^^^^^^^^^^^^^^^^^^^^^^^^
/usr/local/lib/python3.11/ssl.py:1166: in read
    return self._sslobj.read(len, buffer)
           ^^^^^^^^^^^^^^^^^^^^^^^^^^^^^^
E   TimeoutError: The read operation timed out

The above exception was the direct cause of the following exception:
/root/.venv/lib/python3.11/site-packages/requests/adapters.py:644: in send
    resp = conn.urlopen(
/root/.venv/lib/python3.11/site-packages/urllib3/connectionpool.py:841: in urlopen
    retries = retries.increment(
/root/.venv/lib/python3.11/site-packages/urllib3/util/retry.py:490: in increment
    raise reraise(type(error), error, _stacktrace)
          ^^^^^^^^^^^^^^^^^^^^^^^^^^^^^^^^^^^^^^^^
/root/.venv/lib/python3.11/site-packages/urllib3/util/util.py:39: in reraise
    raise value
/root/.venv/lib/python3.11/site-packages/urllib3/connectionpool.py:787: in urlopen
    response = self._make_request(
/root/.venv/lib/python3.11/site-packages/urllib3/connectionpool.py:536: in _make_request
    self._raise_timeout(err=e, url=url, timeout_value=read_timeout)
/root/.venv/lib/python3.11/site-packages/urllib3/connectionpool.py:367: in _raise_timeout
    raise ReadTimeoutError(
E   urllib3.exceptions.ReadTimeoutError: HTTPSConnectionPool(host='fleet-forge-1.preview.emergentagent.com', port=443): Read timed out. (read timeout=30)

During handling of the above exception, another exception occurred:
tests/test_full_revalidation.py:285: in test_get_fps_weapons
    response = requests.get(f"{BASE_URL}/api/gear/weapons", timeout=30)
               ^^^^^^^^^^^^^^^^^^^^^^^^^^^^^^^^^^^^^^^^^^^^^^^^^^^^^^^^
/root/.venv/lib/python3.11/site-packages/requests/api.py:73: in get
    return request("get", url, params=params, **kwargs)
           ^^^^^^^^^^^^^^^^^^^^^^^^^^^^^^^^^^^^^^^^^^^^
/root/.venv/lib/python3.11/site-packages/requests/api.py:59: in request
    return session.request(method=method, url=url, **kwargs)
           ^^^^^^^^^^^^^^^^^^^^^^^^^^^^^^^^^^^^^^^^^^^^^^^^^
/root/.venv/lib/python3.11/site-packages/requests/sessions.py:589: in request
    resp = self.send(prep, **send_kwargs)
           ^^^^^^^^^^^^^^^^^^^^^^^^^^^^^^
/root/.venv/lib/python3.11/site-packages/requests/sessions.py:703: in send
    r = adapter.send(request, **kwargs)
        ^^^^^^^^^^^^^^^^^^^^^^^^^^^^^^^
/root/.venv/lib/python3.11/site-packages/requests/adapters.py:690: in send
    raise ReadTimeout(e, request=request)
E   requests.exceptions.ReadTimeout: HTTPSConnectionPool(host='fleet-forge-1.preview.emergentagent.com', port=443): Read timed out. (read timeout=30)</failure></testcase><testcase classname="tests.test_full_revalidation.TestGearAPI" name="test_get_armor" time="31.766" /><testcase classname="tests.test_full_revalidation.TestGearAPI" name="test_get_equipment" time="0.188" /><testcase classname="tests.test_full_revalidation.TestPricesAPI" name="test_get_price_summary" time="0.437" /><testcase classname="tests.test_full_revalidation.TestPricesAPI" name="test_get_price_changes" time="0.346" /><testcase classname="tests.test_full_revalidation.TestWikeloAPI" name="test_get_wikelo_info" time="0.122" /><testcase classname="tests.test_full_revalidation.TestWikeloAPI" name="test_get_wikelo_contracts" time="0.127" /></testsuite></testsuites>