<?xml version="1.0" encoding="utf-8"?><testsuites name="pytest tests"><testsuite name="pytest" errors="0" failures="0" skipped="0" tests="16" time="3.038" timestamp="2026-03-03T21:38:24.902918+00:00" hostname="agent-env-b659d232-acd5-49e6-bf36-9a46eb140233"><testcase classname="backend.tests.test_p2_p3_features.TestP2GearExpansion" name="test_gear_weapons_returns_38_items" time="0.153" /><testcase classname="backend.tests.test_p2_p3_features.TestP2GearExpansion" name="test_gear_weapons_has_grenade_type" time="0.146" /><testcase classname="backend.tests.test_p2_p3_features.TestP2GearExpansion" name="test_gear_weapons_has_utility_type" time="0.136" /><testcase classname="backend.tests.test_p2_p3_features.TestP2GearExpansion" name="test_grenade_item_structure" time="0.173" /><testcase classname="backend.tests.test_p2_p3_features.TestP2GearExpansion" name="test_utility_item_structure" time="0.114" /><testcase classname="backend.tests.test_p2_p3_features.TestP3PriceTracking" name="test_prices_summary_returns_tracked_items" time="0.152" /><testcase classname="backend.tests.test_p2_p3_features.TestP3PriceTracking" name="test_prices_summary_has_items_with_prices" time="0.130" /><testcase classname="backend.tests.test_p2_p3_features.TestP3PriceTracking" name="test_prices_changes_returns_comparison" time="0.116" /><testcase classname="backend.tests.test_p2_p3_features.TestP3PriceTracking" name="test_prices_changes_with_type_filter" time="0.134" /><testcase classname="backend.tests.test_p2_p3_features.TestP3PriceTracking" name="test_prices_snapshot_triggers_capture" time="0.107" /><testcase classname="backend.tests.test_p2_p3_features.TestP3PriceTracking" name="test_prices_history_returns_item_history" time="0.142" /><testcase classname="backend.tests.test_p2_p3_features.TestP3PriceTracking" name="test_prices_history_case_insensitive" time="0.255" /><testcase classname="backend.tests.test_p2_p3_features.TestRegressionDashboardAndGear" name="test_health_endpoint" time="0.115" /><testcase classname="backend.tests.test_p2_p3_features.TestRegressionDashboardAndGear" name="test_gear_armor_still_works" time="0.113" /><testcase classname="backend.tests.test_p2_p3_features.TestRegressionDashboardAndGear" name="test_login_flow" time="0.337" /><testcase classname="backend.tests.test_p2_p3_features.TestRegressionDashboardAndGear" name="test_ships_endpoint_with_auth" time="0.531" /></testsuite></testsuites>