<?xml version="1.0" encoding="utf-8"?><testsuites name="pytest tests"><testsuite name="pytest" errors="0" failures="0" skipped="0" tests="25" time="4.543" timestamp="2026-03-03T21:15:22.284583+00:00" hostname="agent-env-b659d232-acd5-49e6-bf36-9a46eb140233"><testcase classname="backend.tests.test_gear.TestGearWeaponsAPI" name="test_gear_weapons_returns_success" time="0.652" /><testcase classname="backend.tests.test_gear.TestGearWeaponsAPI" name="test_gear_weapons_returns_28_items" time="0.114" /><testcase classname="backend.tests.test_gear.TestGearWeaponsAPI" name="test_gear_weapons_has_required_fields" time="0.191" /><testcase classname="backend.tests.test_gear.TestGearWeaponsAPI" name="test_gear_weapons_includes_pistols" time="0.178" /><testcase classname="backend.tests.test_gear.TestGearWeaponsAPI" name="test_gear_weapons_includes_smgs" time="0.181" /><testcase classname="backend.tests.test_gear.TestGearWeaponsAPI" name="test_gear_weapons_includes_assault_rifles" time="0.354" /><testcase classname="backend.tests.test_gear.TestGearWeaponsAPI" name="test_gear_weapons_includes_sniper_rifles" time="0.186" /><testcase classname="backend.tests.test_gear.TestGearWeaponsAPI" name="test_gear_weapons_includes_shotguns" time="0.116" /><testcase classname="backend.tests.test_gear.TestGearWeaponsAPI" name="test_gear_weapons_includes_lmgs" time="0.154" /><testcase classname="backend.tests.test_gear.TestGearWeaponsAPI" name="test_gear_weapons_have_variants" time="0.133" /><testcase classname="backend.tests.test_gear.TestGearWeaponsAPI" name="test_gear_weapons_arclight_exists" time="0.127" /><testcase classname="backend.tests.test_gear.TestGearWeaponsAPI" name="test_gear_weapons_p8_smg_exists" time="0.138" /><testcase classname="backend.tests.test_gear.TestGearArmorAPI" name="test_gear_armor_returns_success" time="0.110" /><testcase classname="backend.tests.test_gear.TestGearArmorAPI" name="test_gear_armor_returns_21_items" time="0.114" /><testcase classname="backend.tests.test_gear.TestGearArmorAPI" name="test_gear_armor_has_required_fields" time="0.128" /><testcase classname="backend.tests.test_gear.TestGearArmorAPI" name="test_gear_armor_includes_heavy_type" time="0.125" /><testcase classname="backend.tests.test_gear.TestGearArmorAPI" name="test_gear_armor_includes_medium_type" time="0.117" /><testcase classname="backend.tests.test_gear.TestGearArmorAPI" name="test_gear_armor_includes_light_type" time="0.155" /><testcase classname="backend.tests.test_gear.TestGearArmorAPI" name="test_gear_armor_includes_flight_suits" time="0.175" /><testcase classname="backend.tests.test_gear.TestGearArmorAPI" name="test_gear_armor_have_variants" time="0.126" /><testcase classname="backend.tests.test_gear.TestGearArmorAPI" name="test_gear_armor_have_loot_locations" time="0.121" /><testcase classname="backend.tests.test_gear.TestGearArmorAPI" name="test_gear_armor_antium_exists" time="0.108" /><testcase classname="backend.tests.test_gear.TestGearArmorAPI" name="test_gear_armor_novikov_exists" time="0.222" /><testcase classname="backend.tests.test_gear.TestGearAPINoAuth" name="test_weapons_accessible_without_auth" time="0.112" /><testcase classname="backend.tests.test_gear.TestGearAPINoAuth" name="test_armor_accessible_without_auth" time="0.126" /></testsuite></testsuites>