<?xml version="1.0" encoding="utf-8"?><testsuites name="pytest tests"><testsuite name="pytest" errors="0" failures="0" skipped="0" tests="14" time="2.380" timestamp="2026-03-14T07:51:30.464177+00:00" hostname="agent-env-abae7190-4f9e-496e-afa5-360029ee1e32"><testcase classname="backend.tests.test_iteration38_shopping_trip.TestShoppingTripEndpoint" name="test_shopping_trip_multiple_stores" time="0.220" /><testcase classname="backend.tests.test_iteration38_shopping_trip.TestShoppingTripEndpoint" name="test_shopping_trip_single_stop" time="0.119" /><testcase classname="backend.tests.test_iteration38_shopping_trip.TestShoppingTripEndpoint" name="test_shopping_trip_unresolvable_store" time="0.114" /><testcase classname="backend.tests.test_iteration38_shopping_trip.TestShoppingTripEndpoint" name="test_shopping_trip_mixed_resolvable_unresolvable" time="0.116" /><testcase classname="backend.tests.test_iteration38_shopping_trip.TestShoppingTripEndpoint" name="test_shopping_trip_fuzzy_store_name_resolution" time="0.405" /><testcase classname="backend.tests.test_iteration38_shopping_trip.TestShoppingTripEndpoint" name="test_shopping_trip_different_qd_sizes" time="0.198" /><testcase classname="backend.tests.test_iteration38_shopping_trip.TestShoppingTripEndpoint" name="test_shopping_trip_empty_store_names" time="0.146" /><testcase classname="backend.tests.test_iteration38_shopping_trip.TestShoppingTripEndpoint" name="test_shopping_trip_deduplication" time="0.127" /><testcase classname="backend.tests.test_iteration38_shopping_trip.TestShoppingTripEndpoint" name="test_shopping_trip_location_coordinates_for_svg" time="0.095" /><testcase classname="backend.tests.test_iteration38_shopping_trip.TestShoppingTripStoreResolution" name="test_resolve_orison" time="0.112" /><testcase classname="backend.tests.test_iteration38_shopping_trip.TestShoppingTripStoreResolution" name="test_resolve_lorville" time="0.098" /><testcase classname="backend.tests.test_iteration38_shopping_trip.TestShoppingTripStoreResolution" name="test_resolve_grim_hex" time="0.096" /><testcase classname="backend.tests.test_iteration38_shopping_trip.TestShoppingTripStoreResolution" name="test_resolve_port_olisar" time="0.103" /><testcase classname="backend.tests.test_iteration38_shopping_trip.TestShoppingTripStoreResolution" name="test_resolve_orbital_stations" time="0.318" /></testsuite></testsuites>