<?xml version="1.0" encoding="utf-8"?><testsuites name="pytest tests"><testsuite name="pytest" errors="0" failures="0" skipped="1" tests="11" time="29.613" timestamp="2026-03-05T17:30:25.326627+00:00" hostname="agent-env-d33fb2dc-f64d-4e36-bd79-2f9ee4ad3c0d"><testcase classname="backend.tests.test_iteration27_f8_chase.TestF8LightningHardpoints" name="test_f8c_lightning_has_8_weapons" time="27.112" /><testcase classname="backend.tests.test_iteration27_f8_chase.TestF8LightningHardpoints" name="test_f8a_lightning_has_8_weapons" time="0.594" /><testcase classname="backend.tests.test_iteration27_f8_chase.TestF8LightningHardpoints" name="test_f8_base_lightning_has_8_weapons" time="0.712"><skipped type="pytest.skip" message="Base F8 Lightning not found in API - may not exist in wiki data">/app/backend/tests/test_iteration27_f8_chase.py:115: Base F8 Lightning not found in API - may not exist in wiki data</skipped></testcase><testcase classname="backend.tests.test_iteration27_f8_chase.TestChaseAdvancedEndpoint" name="test_chase_advanced_grim_hex_to_orison" time="0.141" /><testcase classname="backend.tests.test_iteration27_f8_chase.TestChaseAdvancedEndpoint" name="test_chase_advanced_inverted_qd_advantage" time="0.106" /><testcase classname="backend.tests.test_iteration27_f8_chase.TestChaseAdvancedEndpoint" name="test_chase_advanced_invalid_position_returns_400" time="0.116" /><testcase classname="backend.tests.test_iteration27_f8_chase.TestChaseAdvancedEndpoint" name="test_chase_advanced_invalid_target_returns_400" time="0.150" /><testcase classname="backend.tests.test_iteration27_f8_chase.TestChaseLegacyEndpoint" name="test_legacy_chase_faster_qd_catches_target" time="0.139" /><testcase classname="backend.tests.test_iteration27_f8_chase.TestChaseLegacyEndpoint" name="test_legacy_chase_slower_qd_cannot_catch" time="0.129" /><testcase classname="backend.tests.test_iteration27_f8_chase.TestChaseLegacyEndpoint" name="test_legacy_chase_same_speed_cannot_catch" time="0.115" /><testcase classname="backend.tests.test_iteration27_f8_chase.TestRoutesLocationsEndpoint" name="test_locations_returns_data" time="0.169" /></testsuite></testsuites>