<?xml version="1.0" encoding="utf-8"?><testsuites name="pytest tests"><testsuite name="pytest" errors="0" failures="0" skipped="0" tests="20" time="21.391" timestamp="2026-03-11T05:30:20.890091+00:00" hostname="agent-env-96711d6e-aaff-4b0b-8a16-90c7ad8788b5"><testcase classname="backend.tests.test_iteration33_wikelo.TestWikeloInfo" name="test_wikelo_info_returns_success" time="18.071" /><testcase classname="backend.tests.test_iteration33_wikelo.TestWikeloInfo" name="test_wikelo_info_has_required_fields" time="0.475" /><testcase classname="backend.tests.test_iteration33_wikelo.TestWikeloInfo" name="test_wikelo_info_locations_structure" time="0.135" /><testcase classname="backend.tests.test_iteration33_wikelo.TestWikeloContracts" name="test_contracts_returns_success" time="0.135" /><testcase classname="backend.tests.test_iteration33_wikelo.TestWikeloContracts" name="test_contracts_returns_70_contracts" time="0.114" /><testcase classname="backend.tests.test_iteration33_wikelo.TestWikeloContracts" name="test_contracts_have_required_fields" time="0.126" /><testcase classname="backend.tests.test_iteration33_wikelo.TestWikeloContracts" name="test_contracts_categories_breakdown" time="0.136" /><testcase classname="backend.tests.test_iteration33_wikelo.TestWikeloContracts" name="test_contracts_category_counts" time="0.144" /><testcase classname="backend.tests.test_iteration33_wikelo.TestWikeloContractFiltering" name="test_filter_by_category_vehicles" time="0.131" /><testcase classname="backend.tests.test_iteration33_wikelo.TestWikeloContractFiltering" name="test_filter_by_category_weapons" time="0.104" /><testcase classname="backend.tests.test_iteration33_wikelo.TestWikeloContractFiltering" name="test_filter_by_category_armor" time="0.114" /><testcase classname="backend.tests.test_iteration33_wikelo.TestWikeloContractFiltering" name="test_filter_by_category_currencies" time="0.100" /><testcase classname="backend.tests.test_iteration33_wikelo.TestWikeloContractFiltering" name="test_filter_by_category_utility" time="0.104" /><testcase classname="backend.tests.test_iteration33_wikelo.TestWikeloContractFiltering" name="test_filter_active_only" time="0.179" /><testcase classname="backend.tests.test_iteration33_wikelo.TestWikeloContractFiltering" name="test_filter_combined_category_and_active" time="0.223" /><testcase classname="backend.tests.test_iteration33_wikelo.TestWikeloContractFiltering" name="test_filter_case_insensitive" time="0.483" /><testcase classname="backend.tests.test_iteration33_wikelo.TestWikeloContractData" name="test_reputation_rank_contracts_exist" time="0.124" /><testcase classname="backend.tests.test_iteration33_wikelo.TestWikeloContractData" name="test_contracts_with_images" time="0.105" /><testcase classname="backend.tests.test_iteration33_wikelo.TestWikeloContractData" name="test_contract_items_needed_not_empty" time="0.106" /><testcase classname="backend.tests.test_iteration33_wikelo.TestWikeloContractData" name="test_contract_rewards_not_empty" time="0.160" /></testsuite></testsuites>