<?xml version="1.0" encoding="utf-8"?><testsuites name="pytest tests"><testsuite name="pytest" errors="0" failures="0" skipped="0" tests="17" time="3.218" timestamp="2026-03-11T06:35:44.419860+00:00" hostname="agent-env-07f9cae7-3abc-4e5d-85ed-0aceef87c295"><testcase classname="tests.test_iteration33_ships_wiki.TestShipsNoGroundVehicles" name="test_no_ground_vehicles_in_ships" time="0.538" /><testcase classname="tests.test_iteration33_ships_wiki.TestShipsNoGroundVehicles" name="test_no_ballista_in_ships" time="0.239" /><testcase classname="tests.test_iteration33_ships_wiki.TestShipsNoGroundVehicles" name="test_no_nox_in_ships" time="0.177" /><testcase classname="tests.test_iteration33_ships_wiki.TestShipsNoGroundVehicles" name="test_no_cyclone_in_ships" time="0.145" /><testcase classname="tests.test_iteration33_ships_wiki.TestShipsNoGroundVehicles" name="test_no_ursa_in_ships" time="0.172" /><testcase classname="tests.test_iteration33_ships_wiki.TestShipsNoGroundVehicles" name="test_no_dragonfly_in_ships" time="0.170" /><testcase classname="tests.test_iteration33_ships_wiki.TestAvengerVariants" name="test_avenger_titan_is_base_ship" time="0.166" /><testcase classname="tests.test_iteration33_ships_wiki.TestAvengerVariants" name="test_avenger_titan_has_variants" time="0.141" /><testcase classname="tests.test_iteration33_ships_wiki.TestAvengerVariants" name="test_avenger_stalker_not_standalone" time="0.163" /><testcase classname="tests.test_iteration33_ships_wiki.TestAvengerVariants" name="test_avenger_warlock_not_standalone" time="0.149" /><testcase classname="tests.test_iteration33_ships_wiki.TestFlightReadyFlag" name="test_live_api_ships_are_flight_ready" time="0.162" /><testcase classname="tests.test_iteration33_ships_wiki.TestFlightReadyFlag" name="test_wiki_ships_not_flight_ready" time="0.143" /><testcase classname="tests.test_iteration33_ships_wiki.TestFlightReadyFlag" name="test_all_ships_have_flight_ready_field" time="0.184" /><testcase classname="tests.test_iteration33_ships_wiki.TestShipCount" name="test_ship_count_reasonable" time="0.143" /><testcase classname="tests.test_iteration33_ships_wiki.TestShipCount" name="test_no_duplicate_ship_names" time="0.156" /><testcase classname="tests.test_iteration33_ships_wiki.TestShipCount" name="test_wiki_ships_present" time="0.157" /><testcase classname="tests.test_iteration33_ships_wiki.TestGroundVehiclesEndpoint" name="test_vehicles_endpoint_has_ground_vehicles" time="0.099" /></testsuite></testsuites>