<?xml version="1.0" encoding="utf-8"?><testsuites name="pytest tests"><testsuite name="pytest" errors="0" failures="0" skipped="0" tests="16" time="3.344" timestamp="2026-03-03T19:55:32.845895+00:00" hostname="agent-env-000e31f6-d276-4bfc-a2f8-f3bba1294fb5"><testcase classname="backend.tests.test_interdiction_chase.TestInterdictionAPI" name="test_interdiction_single_origin_full_coverage" time="0.229" /><testcase classname="backend.tests.test_interdiction_chase.TestInterdictionAPI" name="test_interdiction_multiple_origins_full_coverage" time="0.169" /><testcase classname="backend.tests.test_interdiction_chase.TestInterdictionAPI" name="test_interdiction_snare_range_affects_coverage" time="0.235" /><testcase classname="backend.tests.test_interdiction_chase.TestInterdictionAPI" name="test_interdiction_invalid_destination" time="0.150" /><testcase classname="backend.tests.test_interdiction_chase.TestInterdictionAPI" name="test_interdiction_no_valid_origins" time="0.221" /><testcase classname="backend.tests.test_interdiction_chase.TestInterdictionAPI" name="test_interdiction_empty_origins" time="0.411" /><testcase classname="backend.tests.test_interdiction_chase.TestInterdictionAPI" name="test_interdiction_returns_snare_position_info" time="0.117" /><testcase classname="backend.tests.test_interdiction_chase.TestInterdictionAPI" name="test_interdiction_cross_system_routes" time="0.122" /><testcase classname="backend.tests.test_interdiction_chase.TestChaseAPI" name="test_chase_faster_ship_can_catch" time="0.114" /><testcase classname="backend.tests.test_interdiction_chase.TestChaseAPI" name="test_chase_slower_ship_cannot_catch" time="0.171" /><testcase classname="backend.tests.test_interdiction_chase.TestChaseAPI" name="test_chase_same_speed_cannot_catch" time="0.106" /><testcase classname="backend.tests.test_interdiction_chase.TestChaseAPI" name="test_chase_s3_vs_s1_fastest_catch" time="0.141" /><testcase classname="backend.tests.test_interdiction_chase.TestChaseAPI" name="test_chase_prep_time_affects_total_time" time="0.240" /><testcase classname="backend.tests.test_interdiction_chase.TestChaseAPI" name="test_chase_distance_affects_time" time="0.274" /><testcase classname="backend.tests.test_interdiction_chase.TestChaseAPI" name="test_chase_verdict_text_content" time="0.101" /><testcase classname="backend.tests.test_interdiction_chase.TestChaseAPI" name="test_chase_all_qd_sizes_valid" time="0.363" /></testsuite></testsuites>