<?xml version="1.0" encoding="utf-8"?><testsuites name="pytest tests"><testsuite name="pytest" errors="0" failures="0" skipped="0" tests="21" time="30.303" timestamp="2026-03-10T18:29:57.862120+00:00" hostname="agent-env-96711d6e-aaff-4b0b-8a16-90c7ad8788b5"><testcase classname="backend.tests.test_iteration31_price_tracker.TestPriceSummary" name="test_summary_returns_success" time="22.617" /><testcase classname="backend.tests.test_iteration31_price_tracker.TestPriceSummary" name="test_summary_contains_all_categories" time="0.592" /><testcase classname="backend.tests.test_iteration31_price_tracker.TestPriceSummary" name="test_summary_no_50_item_cap" time="0.302" /><testcase classname="backend.tests.test_iteration31_price_tracker.TestPriceSummary" name="test_summary_no_duplicate_items" time="0.305" /><testcase classname="backend.tests.test_iteration31_price_tracker.TestPriceSummary" name="test_summary_item_structure" time="0.380" /><testcase classname="backend.tests.test_iteration31_price_tracker.TestPriceSummary" name="test_summary_snapshot_count" time="0.626" /><testcase classname="backend.tests.test_iteration31_price_tracker.TestPriceSummary" name="test_summary_latest_snapshot_timestamp" time="0.451" /><testcase classname="backend.tests.test_iteration31_price_tracker.TestPriceSnapshot" name="test_snapshot_creation_success" time="0.195" /><testcase classname="backend.tests.test_iteration31_price_tracker.TestPriceSnapshot" name="test_snapshot_captures_entries" time="0.122" /><testcase classname="backend.tests.test_iteration31_price_tracker.TestPriceChanges" name="test_changes_returns_success" time="0.274" /><testcase classname="backend.tests.test_iteration31_price_tracker.TestPriceChanges" name="test_changes_includes_snapshot_info" time="0.258" /><testcase classname="backend.tests.test_iteration31_price_tracker.TestPriceChanges" name="test_changes_data_structure" time="0.866" /><testcase classname="backend.tests.test_iteration31_price_tracker.TestPriceChanges" name="test_changes_filter_by_type" time="0.284" /><testcase classname="backend.tests.test_iteration31_price_tracker.TestPriceHistory" name="test_history_returns_success" time="0.222" /><testcase classname="backend.tests.test_iteration31_price_tracker.TestPriceHistory" name="test_history_contains_data" time="0.189" /><testcase classname="backend.tests.test_iteration31_price_tracker.TestPriceHistory" name="test_history_item_structure" time="0.219" /><testcase classname="backend.tests.test_iteration31_price_tracker.TestPriceHistory" name="test_history_partial_match" time="0.464" /><testcase classname="backend.tests.test_iteration31_price_tracker.TestPriceHistory" name="test_history_unknown_item_empty" time="0.251" /><testcase classname="backend.tests.test_iteration31_price_tracker.TestDataIntegrity" name="test_ships_have_valid_prices" time="0.364" /><testcase classname="backend.tests.test_iteration31_price_tracker.TestDataIntegrity" name="test_ships_have_dealers" time="0.405" /><testcase classname="backend.tests.test_iteration31_price_tracker.TestDataIntegrity" name="test_weapons_have_locations" time="0.827" /></testsuite></testsuites>