<?xml version="1.0" encoding="utf-8"?><testsuites name="pytest tests"><testsuite name="pytest" errors="0" failures="0" skipped="0" tests="9" time="1.592" timestamp="2026-03-16T18:21:59.107699+00:00" hostname="agent-env-dd3e1818-2a1e-4f78-9916-dab402494cf0"><testcase classname="backend.tests.test_iteration44_liveries.TestLiveriesEndpoint" name="test_liveries_endpoint_returns_success" time="0.176" /><testcase classname="backend.tests.test_iteration44_liveries.TestLiveriesEndpoint" name="test_liveries_endpoint_loading_false" time="0.164" /><testcase classname="backend.tests.test_iteration44_liveries.TestLiveriesEndpoint" name="test_liveries_endpoint_has_series_data" time="0.151" /><testcase classname="backend.tests.test_iteration44_liveries.TestLiveriesEndpoint" name="test_series_object_structure" time="0.200" /><testcase classname="backend.tests.test_iteration44_liveries.TestLiveriesEndpoint" name="test_paint_object_structure" time="0.191" /><testcase classname="backend.tests.test_iteration44_liveries.TestLiveriesEndpoint" name="test_rsi_store_paints_have_store_url" time="0.146" /><testcase classname="backend.tests.test_iteration44_liveries.TestLiveriesEndpoint" name="test_ingame_paints_have_price_auec" time="0.145" /><testcase classname="backend.tests.test_iteration44_liveries.TestLiveriesEndpoint" name="test_liveries_data_volume" time="0.157" /><testcase classname="backend.tests.test_iteration44_liveries.TestLiveriesEndpoint" name="test_acquisition_types_present" time="0.210" /></testsuite></testsuites>