<?xml version="1.0" encoding="utf-8"?><testsuites name="pytest tests"><testsuite name="pytest" errors="0" failures="0" skipped="0" tests="12" time="1.870" timestamp="2026-03-03T22:44:31.827355+00:00" hostname="agent-env-b659d232-acd5-49e6-bf36-9a46eb140233"><testcase classname="tests.test_armor_wiki_images.TestArmorWikiImages" name="test_armor_endpoint_returns_success" time="0.181" /><testcase classname="tests.test_armor_wiki_images.TestArmorWikiImages" name="test_armor_returns_21_items" time="0.121" /><testcase classname="tests.test_armor_wiki_images.TestArmorWikiImages" name="test_armor_has_image_field" time="0.125" /><testcase classname="tests.test_armor_wiki_images.TestArmorWikiImages" name="test_at_least_18_have_wiki_images" time="0.115" /><testcase classname="tests.test_armor_wiki_images.TestArmorWikiImages" name="test_image_urls_are_valid_wiki_urls" time="0.118" /><testcase classname="tests.test_armor_wiki_images.TestArmorWikiImages" name="test_armor_types_correct" time="0.189" /><testcase classname="tests.test_armor_wiki_images.TestArmorWikiImages" name="test_armor_required_fields" time="0.153" /><testcase classname="tests.test_armor_wiki_images.TestArmorWikiImages" name="test_armor_has_variants_field" time="0.126" /><testcase classname="tests.test_armor_wiki_images.TestArmorWikiImages" name="test_armor_temp_stats_numeric" time="0.165" /><testcase classname="tests.test_armor_wiki_images.TestRegressionGearEndpoints" name="test_fps_weapons_endpoint" time="0.120" /><testcase classname="tests.test_armor_wiki_images.TestRegressionGearEndpoints" name="test_equipment_endpoint" time="0.129" /><testcase classname="tests.test_armor_wiki_images.TestRegressionGearEndpoints" name="test_health_endpoint" time="0.122" /></testsuite></testsuites>