<?xml version="1.0" encoding="utf-8"?><testsuites name="pytest tests"><testsuite name="pytest" errors="0" failures="0" skipped="0" tests="9" time="2.420" timestamp="2026-03-03T16:39:22.831489+00:00" hostname="agent-env-000e31f6-d276-4bfc-a2f8-f3bba1294fb5"><testcase classname="backend.tests.test_quick_import.TestQuickImportBackend" name="test_ships_endpoint_returns_data" time="0.495" /><testcase classname="backend.tests.test_quick_import.TestQuickImportBackend" name="test_bulk_add_single_ship" time="0.165" /><testcase classname="backend.tests.test_quick_import.TestQuickImportBackend" name="test_bulk_add_multiple_ships" time="0.176" /><testcase classname="backend.tests.test_quick_import.TestQuickImportBackend" name="test_bulk_add_skips_duplicates" time="0.157" /><testcase classname="backend.tests.test_quick_import.TestQuickImportBackend" name="test_bulk_add_mixed_new_and_existing" time="0.201" /><testcase classname="backend.tests.test_quick_import.TestQuickImportBackend" name="test_fleet_my_returns_fleet_data" time="0.062" /><testcase classname="backend.tests.test_quick_import.TestQuickImportBackend" name="test_fleet_remove_ship" time="0.179" /><testcase classname="backend.tests.test_quick_import.TestQuickImportBackend" name="test_bulk_add_empty_array" time="0.058" /><testcase classname="backend.tests.test_quick_import.TestQuickImportBackend" name="test_cache_ttl_set" time="0.730" /></testsuite></testsuites>