<?xml version="1.0" encoding="utf-8"?><testsuites name="pytest tests"><testsuite name="pytest" errors="0" failures="0" skipped="0" tests="13" time="2.038" timestamp="2026-03-05T16:11:11.922648+00:00" hostname="agent-env-3597fa7c-6aec-4312-aa32-fe1bb6cacb59"><testcase classname="tests.test_iteration23_gear_parity.TestGearWeaponsEndpoint" name="test_weapons_endpoint_returns_success" time="0.168" /><testcase classname="tests.test_iteration23_gear_parity.TestGearWeaponsEndpoint" name="test_weapons_have_variant_data_with_loot_locations" time="0.138" /><testcase classname="tests.test_iteration23_gear_parity.TestGearWeaponsEndpoint" name="test_weapons_have_image_and_variant_images" time="0.130" /><testcase classname="tests.test_iteration23_gear_parity.TestGearArmorEndpoint" name="test_armor_endpoint_returns_success" time="0.176" /><testcase classname="tests.test_iteration23_gear_parity.TestGearArmorEndpoint" name="test_armor_have_variant_data_with_loot_locations" time="0.166" /><testcase classname="tests.test_iteration23_gear_parity.TestGearArmorEndpoint" name="test_armor_has_base_loot_locations" time="0.120" /><testcase classname="tests.test_iteration23_gear_parity.TestGearEquipmentEndpoint" name="test_equipment_endpoint_returns_success" time="0.134" /><testcase classname="tests.test_iteration23_gear_parity.TestGearEquipmentEndpoint" name="test_equipment_has_loot_locations_field" time="0.129" /><testcase classname="tests.test_iteration23_gear_parity.TestGearEquipmentEndpoint" name="test_equipment_has_variant_data_structure" time="0.111" /><testcase classname="tests.test_iteration23_gear_parity.TestGearEquipmentEndpoint" name="test_equipment_has_type_field" time="0.131" /><testcase classname="tests.test_iteration23_gear_parity.TestGearEquipmentEndpoint" name="test_equipment_has_image_fields" time="0.119" /><testcase classname="tests.test_iteration23_gear_parity.TestGearDataConsistency" name="test_all_gear_endpoints_have_consistent_structure" time="0.354" /><testcase classname="tests.test_iteration23_gear_parity.TestGearDataConsistency" name="test_equipment_type_colors_mappable" time="0.110" /></testsuite></testsuites>