<?xml version="1.0" encoding="utf-8"?><testsuites name="pytest tests"><testsuite name="pytest" errors="0" failures="0" skipped="0" tests="14" time="26.430" timestamp="2026-03-05T15:01:57.716696+00:00" hostname="agent-env-5b4d2f5c-b58f-4623-9d93-dd70c51f4604"><testcase classname="backend.tests.test_iteration21_ship_dedup_variants.TestHealthAndAuth" name="test_health_endpoint" time="23.478" /><testcase classname="backend.tests.test_iteration21_ship_dedup_variants.TestHealthAndAuth" name="test_login_success" time="0.435" /><testcase classname="backend.tests.test_iteration21_ship_dedup_variants.TestShipDeduplication" name="test_ships_no_duplicates" time="0.650" /><testcase classname="backend.tests.test_iteration21_ship_dedup_variants.TestShipDeduplication" name="test_ships_count_reduced" time="0.216" /><testcase classname="backend.tests.test_iteration21_ship_dedup_variants.TestShipVariants" name="test_ships_have_variants_array" time="0.185" /><testcase classname="backend.tests.test_iteration21_ship_dedup_variants.TestShipVariants" name="test_variant_structure" time="0.150" /><testcase classname="backend.tests.test_iteration21_ship_dedup_variants.TestShipVariants" name="test_f8c_lightning_has_variants" time="0.164" /><testcase classname="backend.tests.test_iteration21_ship_dedup_variants.TestShipVariants" name="test_search_finds_variant_names" time="0.216" /><testcase classname="backend.tests.test_iteration21_ship_dedup_variants.TestVehicleDeduplication" name="test_vehicles_no_duplicates" time="0.123" /><testcase classname="backend.tests.test_iteration21_ship_dedup_variants.TestVehicleDeduplication" name="test_vehicles_have_variants_array" time="0.149" /><testcase classname="backend.tests.test_iteration21_ship_dedup_variants.TestVehicleDeduplication" name="test_ballista_has_dunestalker_snowblind_variants" time="0.124" /><testcase classname="backend.tests.test_iteration21_ship_dedup_variants.TestGearRegression" name="test_gear_armor_endpoint" time="0.176" /><testcase classname="backend.tests.test_iteration21_ship_dedup_variants.TestGearRegression" name="test_gear_weapons_endpoint" time="0.157" /><testcase classname="backend.tests.test_iteration21_ship_dedup_variants.TestGearRegression" name="test_gear_equipment_endpoint" time="0.133" /></testsuite></testsuites>