<?xml version="1.0" encoding="utf-8"?><testsuites name="pytest tests"><testsuite name="pytest" errors="0" failures="0" skipped="0" tests="14" time="2.045" timestamp="2026-03-03T21:55:47.160313+00:00" hostname="agent-env-b659d232-acd5-49e6-bf36-9a46eb140233"><testcase classname="tests.test_equipment_feature.TestEquipmentAPI" name="test_equipment_endpoint_returns_success" time="0.149" /><testcase classname="tests.test_equipment_feature.TestEquipmentAPI" name="test_equipment_returns_23_items" time="0.138" /><testcase classname="tests.test_equipment_feature.TestEquipmentAPI" name="test_equipment_type_counts" time="0.137" /><testcase classname="tests.test_equipment_feature.TestEquipmentAPI" name="test_mining_head_structure" time="0.115" /><testcase classname="tests.test_equipment_feature.TestEquipmentAPI" name="test_backpack_structure" time="0.136" /><testcase classname="tests.test_equipment_feature.TestEquipmentAPI" name="test_undersuit_structure" time="0.105" /><testcase classname="tests.test_equipment_feature.TestEquipmentAPI" name="test_medical_device_structure" time="0.133" /><testcase classname="tests.test_equipment_feature.TestEquipmentAPI" name="test_mining_module_structure" time="0.243" /><testcase classname="tests.test_equipment_feature.TestEquipmentAPI" name="test_equipment_price_values" time="0.160" /><testcase classname="tests.test_equipment_feature.TestGearEndpointRegression" name="test_weapons_still_returns_38_items" time="0.131" /><testcase classname="tests.test_equipment_feature.TestGearEndpointRegression" name="test_armor_still_returns_21_items" time="0.116" /><testcase classname="tests.test_equipment_feature.TestOtherRegressions" name="test_health_endpoint" time="0.153" /><testcase classname="tests.test_equipment_feature.TestOtherRegressions" name="test_dashboard_loads" time="0.113" /><testcase classname="tests.test_equipment_feature.TestOtherRegressions" name="test_prices_endpoint" time="0.123" /></testsuite></testsuites>