<?xml version="1.0" encoding="utf-8"?><testsuites name="pytest tests"><testsuite name="pytest" errors="0" failures="0" skipped="0" tests="19" time="10.272" timestamp="2026-03-04T02:25:19.330106+00:00" hostname="agent-env-5b4d2f5c-b58f-4623-9d93-dd70c51f4604"><testcase classname="backend.tests.test_iteration18_cstone_refactor.TestHealthEndpoint" name="test_health_returns_ok" time="7.786" /><testcase classname="backend.tests.test_iteration18_cstone_refactor.TestEquipmentCStoneIntegration" name="test_equipment_returns_30_items" time="0.138" /><testcase classname="backend.tests.test_iteration18_cstone_refactor.TestEquipmentCStoneIntegration" name="test_equipment_items_have_required_fields" time="0.107" /><testcase classname="backend.tests.test_iteration18_cstone_refactor.TestEquipmentCStoneIntegration" name="test_medpen_mk2_has_cstone_image" time="0.147" /><testcase classname="backend.tests.test_iteration18_cstone_refactor.TestEquipmentCStoneIntegration" name="test_hemozal_has_cstone_image" time="0.113" /><testcase classname="backend.tests.test_iteration18_cstone_refactor.TestEquipmentCStoneIntegration" name="test_equipment_items_have_stats" time="0.169" /><testcase classname="backend.tests.test_iteration18_cstone_refactor.TestEquipmentVariants" name="test_pembroke_backpack_has_variants" time="0.126" /><testcase classname="backend.tests.test_iteration18_cstone_refactor.TestEquipmentVariants" name="test_pembroke_backpack_variant_data" time="0.187" /><testcase classname="backend.tests.test_iteration18_cstone_refactor.TestEquipmentVariants" name="test_alantin_undersuit_has_variants" time="0.185" /><testcase classname="backend.tests.test_iteration18_cstone_refactor.TestEquipmentVariants" name="test_venture_undersuit_has_variant" time="0.110" /><testcase classname="backend.tests.test_iteration18_cstone_refactor.TestEquipmentVariants" name="test_arden_undersuit_has_variants" time="0.104" /><testcase classname="backend.tests.test_iteration18_cstone_refactor.TestWeaponsRegression" name="test_weapons_returns_50_items" time="0.147" /><testcase classname="backend.tests.test_iteration18_cstone_refactor.TestWeaponsRegression" name="test_weapons_have_variant_images" time="0.135" /><testcase classname="backend.tests.test_iteration18_cstone_refactor.TestWeaponsRegression" name="test_weapons_have_variant_data" time="0.127" /><testcase classname="backend.tests.test_iteration18_cstone_refactor.TestWeaponsRegression" name="test_arclight_pistol_has_cstone_images" time="0.131" /><testcase classname="backend.tests.test_iteration18_cstone_refactor.TestArmorRegression" name="test_armor_returns_28_items" time="0.121" /><testcase classname="backend.tests.test_iteration18_cstone_refactor.TestArmorRegression" name="test_armor_have_variant_images" time="0.135" /><testcase classname="backend.tests.test_iteration18_cstone_refactor.TestArmorRegression" name="test_armor_have_variant_data" time="0.129" /><testcase classname="backend.tests.test_iteration18_cstone_refactor.TestArmorRegression" name="test_adp_armor_has_cstone_images" time="0.107" /></testsuite></testsuites>