<?xml version="1.0" encoding="utf-8"?><testsuites name="pytest tests"><testsuite name="pytest" errors="0" failures="1" skipped="0" tests="33" time="10.086" timestamp="2026-02-27T17:11:56.616701+00:00" hostname="agent-env-e00e40a0-b9c9-4e57-9d14-edae0e70ff7b"><testcase classname="backend.tests.test_api.TestAuthentication" name="test_login_success" time="0.253" /><testcase classname="backend.tests.test_api.TestAuthentication" name="test_login_missing_fields" time="0.137" /><testcase classname="backend.tests.test_api.TestShipsAPI" name="test_get_ships_requires_auth" time="0.125" /><testcase classname="backend.tests.test_api.TestShipsAPI" name="test_get_ships_with_auth" time="0.275" /><testcase classname="backend.tests.test_api.TestShipsAPI" name="test_ships_have_live_source" time="0.267" /><testcase classname="backend.tests.test_api.TestShipsAPI" name="test_ships_have_crew_min_max_format" time="0.612" /><testcase classname="backend.tests.test_api.TestShipsAPI" name="test_ships_have_live_data_fields" time="0.303" /><testcase classname="backend.tests.test_api.TestShipsAPI" name="test_ships_have_wiki_images" time="0.317" /><testcase classname="backend.tests.test_api.TestVehiclesAPI" name="test_get_vehicles_requires_auth" time="0.128" /><testcase classname="backend.tests.test_api.TestVehiclesAPI" name="test_get_vehicles_with_auth" time="0.309"><failure message="AssertionError: assert 'type' in {'armor': 'Light', 'beam': 6, 'cargo': 0, 'crew_max': 2, ...}">backend/tests/test_api.py:156: in test_get_vehicles_with_auth
    assert "type" in vehicle
E   AssertionError: assert 'type' in {'armor': 'Light', 'beam': 6, 'cargo': 0, 'crew_max': 2, ...}</failure></testcase><testcase classname="backend.tests.test_api.TestVehiclesAPI" name="test_vehicles_have_wiki_images" time="0.298" /><testcase classname="backend.tests.test_api.TestComponentsAPI" name="test_get_components_requires_auth" time="0.158" /><testcase classname="backend.tests.test_api.TestComponentsAPI" name="test_get_components_with_auth" time="0.272" /><testcase classname="backend.tests.test_api.TestComponentsAPI" name="test_components_have_live_source" time="0.306" /><testcase classname="backend.tests.test_api.TestComponentsAPI" name="test_components_have_multiple_types" time="0.259" /><testcase classname="backend.tests.test_api.TestComponentsAPI" name="test_components_have_size_field" time="0.395" /><testcase classname="backend.tests.test_api.TestComponentsAPI" name="test_components_have_location" time="0.332" /><testcase classname="backend.tests.test_api.TestComponentsAPI" name="test_components_have_price" time="0.512" /><testcase classname="backend.tests.test_api.TestComponentsAPI" name="test_components_multiple_sizes" time="0.400" /><testcase classname="backend.tests.test_api.TestWeaponsAPI" name="test_get_weapons_requires_auth" time="0.106" /><testcase classname="backend.tests.test_api.TestWeaponsAPI" name="test_get_weapons_with_auth" time="0.278" /><testcase classname="backend.tests.test_api.TestWeaponsAPI" name="test_weapons_have_live_source" time="0.259" /><testcase classname="backend.tests.test_api.TestWeaponsAPI" name="test_weapons_have_size_field" time="0.291" /><testcase classname="backend.tests.test_api.TestWeaponsAPI" name="test_weapons_have_location" time="0.303" /><testcase classname="backend.tests.test_api.TestWeaponsAPI" name="test_weapons_have_price" time="0.244" /><testcase classname="backend.tests.test_api.TestWeaponsAPI" name="test_weapons_multiple_sizes" time="0.315" /><testcase classname="backend.tests.test_api.TestWeaponsAPI" name="test_weapons_have_type_field" time="0.297" /><testcase classname="backend.tests.test_api.TestFleetAPI" name="test_get_fleet_requires_auth" time="0.142" /><testcase classname="backend.tests.test_api.TestFleetAPI" name="test_get_empty_fleet" time="0.272" /><testcase classname="backend.tests.test_api.TestFleetAPI" name="test_add_ship_to_fleet" time="0.297" /><testcase classname="backend.tests.test_api.TestFleetAPI" name="test_add_and_verify_fleet" time="0.564" /><testcase classname="backend.tests.test_api.TestFleetAPI" name="test_remove_from_fleet" time="0.547" /><testcase classname="backend.tests.test_api.TestUpgradesAPI" name="test_get_upgrades_for_ship" time="0.295" /></testsuite></testsuites>