<?xml version="1.0" encoding="utf-8"?><testsuites name="pytest tests"><testsuite name="pytest" errors="0" failures="0" skipped="0" tests="18" time="16.765" timestamp="2026-03-04T03:05:42.539398+00:00" hostname="agent-env-5b4d2f5c-b58f-4623-9d93-dd70c51f4604"><testcase classname="backend.tests.test_iteration20_backpack_migration.TestBackpackMigrationBackend" name="test_health_check" time="14.341" /><testcase classname="backend.tests.test_iteration20_backpack_migration.TestBackpackMigrationBackend" name="test_armor_returns_81_items" time="0.179" /><testcase classname="backend.tests.test_iteration20_backpack_migration.TestBackpackMigrationBackend" name="test_equipment_returns_26_items" time="0.106" /><testcase classname="backend.tests.test_iteration20_backpack_migration.TestBackpackMigrationBackend" name="test_no_backpacks_in_equipment" time="0.156" /><testcase classname="backend.tests.test_iteration20_backpack_migration.TestBackpackMigrationBackend" name="test_26_backpacks_in_armor" time="0.130" /><testcase classname="backend.tests.test_iteration20_backpack_migration.TestBackpackMigrationBackend" name="test_backpacks_have_cstone_images" time="0.189" /><testcase classname="backend.tests.test_iteration20_backpack_migration.TestBackpackMigrationBackend" name="test_strata_backpack_12_variants" time="0.131" /><testcase classname="backend.tests.test_iteration20_backpack_migration.TestBackpackMigrationBackend" name="test_palatino_backpack_8_variants" time="0.131" /><testcase classname="backend.tests.test_iteration20_backpack_migration.TestBackpackMigrationBackend" name="test_morozov_ch_backpack_11_variants" time="0.138" /><testcase classname="backend.tests.test_iteration20_backpack_migration.TestBackpackMigrationBackend" name="test_testudo_backpack_7_variants" time="0.122" /><testcase classname="backend.tests.test_iteration20_backpack_migration.TestBackpackMigrationBackend" name="test_stirling_exploration_backpack_9_variants" time="0.116" /><testcase classname="backend.tests.test_iteration20_backpack_migration.TestBackpackMigrationBackend" name="test_geist_backpack_7_variants" time="0.184" /><testcase classname="backend.tests.test_iteration20_backpack_migration.TestBackpackMigrationBackend" name="test_backpack_has_zero_temp_radiation" time="0.128" /><testcase classname="backend.tests.test_iteration20_backpack_migration.TestBackpackMigrationBackend" name="test_backpack_variant_data_structure" time="0.134" /><testcase classname="backend.tests.test_iteration20_backpack_migration.TestBackpackMigrationBackend" name="test_weapons_regression" time="0.116" /><testcase classname="backend.tests.test_iteration20_backpack_migration.TestBackpackMigrationBackend" name="test_armor_type_distribution" time="0.129" /><testcase classname="backend.tests.test_iteration20_backpack_migration.TestBackpackMigrationBackend" name="test_armor_sets_without_backpacks_count" time="0.150" /><testcase classname="backend.tests.test_iteration20_backpack_migration.TestBackpackMigrationBackend" name="test_equipment_types" time="0.110" /></testsuite></testsuites>