<?xml version="1.0" encoding="utf-8"?><testsuites name="pytest tests"><testsuite name="pytest" errors="0" failures="0" skipped="0" tests="17" time="47.005" timestamp="2026-03-08T19:08:43.027283+00:00" hostname="agent-env-a41064a3-9926-4b65-b26b-22e0f02e77dd"><testcase classname="backend.tests.test_cstone_integration.TestAuthentication" name="test_login_works" time="42.178" /><testcase classname="backend.tests.test_cstone_integration.TestCStoneComponents" name="test_components_returns_cstone_data" time="0.484" /><testcase classname="backend.tests.test_cstone_integration.TestCStoneComponents" name="test_components_have_item_class_field" time="0.117" /><testcase classname="backend.tests.test_cstone_integration.TestCStoneComponents" name="test_components_have_required_fields" time="0.127" /><testcase classname="backend.tests.test_cstone_integration.TestCStoneShipWeapons" name="test_weapons_returns_cstone_data" time="0.475" /><testcase classname="backend.tests.test_cstone_integration.TestCStoneShipWeapons" name="test_weapons_have_damage_rate_dps_fields" time="0.130" /><testcase classname="backend.tests.test_cstone_integration.TestCStoneMissiles" name="test_missiles_returns_cstone_data" time="0.436" /><testcase classname="backend.tests.test_cstone_integration.TestCStoneMissiles" name="test_missiles_have_damage_and_speed" time="0.103" /><testcase classname="backend.tests.test_cstone_integration.TestItemLocations" name="test_item_locations_endpoint_works" time="1.506" /><testcase classname="backend.tests.test_cstone_integration.TestGearEndpoints" name="test_gear_weapons_returns_fps_weapons" time="0.105" /><testcase classname="backend.tests.test_cstone_integration.TestGearEndpoints" name="test_gear_armor_returns_armor_sets" time="0.122" /><testcase classname="backend.tests.test_cstone_integration.TestGearEndpoints" name="test_gear_equipment_returns_equipment" time="0.109" /><testcase classname="backend.tests.test_cstone_integration.TestComponentDataQuality" name="test_component_types_present" time="0.449" /><testcase classname="backend.tests.test_cstone_integration.TestComponentDataQuality" name="test_shield_components_have_output" time="0.188" /><testcase classname="backend.tests.test_cstone_integration.TestComponentDataQuality" name="test_power_plants_have_output" time="0.141" /><testcase classname="backend.tests.test_cstone_integration.TestComponentDataQuality" name="test_quantum_drives_have_speed" time="0.117" /><testcase classname="backend.tests.test_cstone_integration.TestComponentDataQuality" name="test_coolers_have_rate" time="0.114" /></testsuite></testsuites>