<?xml version="1.0" encoding="utf-8"?><testsuites name="pytest tests"><testsuite name="pytest" errors="0" failures="0" skipped="0" tests="25" time="40.010" timestamp="2026-03-05T17:47:17.973315+00:00" hostname="agent-env-d33fb2dc-f64d-4e36-bd79-2f9ee4ad3c0d"><testcase classname="backend.tests.test_iteration28_hardpoint_audit.TestHardpointAudit" name="test_total_ship_count_is_203" time="24.424" /><testcase classname="backend.tests.test_iteration28_hardpoint_audit.TestHardpointAudit" name="test_ares_ion_has_single_s7_weapon" time="0.682" /><testcase classname="backend.tests.test_iteration28_hardpoint_audit.TestHardpointAudit" name="test_ares_inferno_has_single_s7_weapon" time="0.646" /><testcase classname="backend.tests.test_iteration28_hardpoint_audit.TestHardpointAudit" name="test_gladiator_has_4_weapons" time="0.717" /><testcase classname="backend.tests.test_iteration28_hardpoint_audit.TestHardpointAudit" name="test_meteor_has_6_weapons" time="0.585" /><testcase classname="backend.tests.test_iteration28_hardpoint_audit.TestHardpointAudit" name="test_guardian_mx_has_4_weapons" time="0.621" /><testcase classname="backend.tests.test_iteration28_hardpoint_audit.TestHardpointAudit" name="test_fury_has_4_weapons" time="0.591" /><testcase classname="backend.tests.test_iteration28_hardpoint_audit.TestHardpointAudit" name="test_shiv_has_6_weapons" time="0.600" /><testcase classname="backend.tests.test_iteration28_hardpoint_audit.TestHardpointAudit" name="test_starlancer_tac_has_12_weapons" time="0.629" /><testcase classname="backend.tests.test_iteration28_hardpoint_audit.TestHardpointAudit" name="test_starlancer_max_has_8_weapons" time="0.619" /><testcase classname="backend.tests.test_iteration28_hardpoint_audit.TestHardpointAudit" name="test_600i_bis_has_4_weapons" time="0.613" /><testcase classname="backend.tests.test_iteration28_hardpoint_audit.TestHardpointAudit" name="test_apollo_medivac_has_4_weapons_and_shield_s2" time="0.645" /><testcase classname="backend.tests.test_iteration28_hardpoint_audit.TestHardpointAudit" name="test_c1_spirit_has_no_weapons" time="0.646" /><testcase classname="backend.tests.test_iteration28_hardpoint_audit.TestHardpointAudit" name="test_a1_spirit_has_2_weapons" time="0.668" /><testcase classname="backend.tests.test_iteration28_hardpoint_audit.TestHardpointAudit" name="test_890_jump_has_capital_components" time="0.648" /><testcase classname="backend.tests.test_iteration28_hardpoint_audit.TestHardpointAudit" name="test_hornet_heartseeker_mk1_has_4_weapons" time="0.613" /><testcase classname="backend.tests.test_iteration28_hardpoint_audit.TestHardpointAudit" name="test_cutter_has_s2_weapons" time="0.711" /><testcase classname="backend.tests.test_iteration28_hardpoint_audit.TestHardpointAudit" name="test_p52_merlin_has_3_weapons" time="0.656" /><testcase classname="backend.tests.test_iteration28_hardpoint_audit.TestHardpointAudit" name="test_vanduul_scythe_has_2_s5_weapons" time="0.669" /><testcase classname="backend.tests.test_iteration28_hardpoint_audit.TestAdditionalHardpointVerifications" name="test_f8c_lightning_has_8_weapons" time="0.543" /><testcase classname="backend.tests.test_iteration28_hardpoint_audit.TestAdditionalHardpointVerifications" name="test_guardian_base_has_2_weapons" time="0.675" /><testcase classname="backend.tests.test_iteration28_hardpoint_audit.TestAdditionalHardpointVerifications" name="test_hammerhead_has_24_weapons" time="0.662" /><testcase classname="backend.tests.test_iteration28_hardpoint_audit.TestAdditionalHardpointVerifications" name="test_idris_m_has_7_weapons_with_railgun" time="0.720" /><testcase classname="backend.tests.test_iteration28_hardpoint_audit.TestAdditionalHardpointVerifications" name="test_sabre_has_4_s3_weapons" time="0.623" /><testcase classname="backend.tests.test_iteration28_hardpoint_audit.TestAdditionalHardpointVerifications" name="test_arrow_has_4_s3_weapons" time="0.664" /></testsuite></testsuites>