<?xml version="1.0" encoding="utf-8"?><testsuites name="pytest tests"><testsuite name="pytest" errors="0" failures="0" skipped="0" tests="35" time="35.404" timestamp="2026-03-10T18:15:04.151520+00:00" hostname="agent-env-96711d6e-aaff-4b0b-8a16-90c7ad8788b5"><testcase classname="tests.test_iteration30_route_planner.TestLocationsEndpoint" name="test_locations_returns_success" time="29.351" /><testcase classname="tests.test_iteration30_route_planner.TestLocationsEndpoint" name="test_locations_returns_location_data" time="0.470" /><testcase classname="tests.test_iteration30_route_planner.TestLocationsEndpoint" name="test_locations_have_required_fields" time="0.123" /><testcase classname="tests.test_iteration30_route_planner.TestLocationsEndpoint" name="test_locations_returns_systems" time="0.119" /><testcase classname="tests.test_iteration30_route_planner.TestLocationsEndpoint" name="test_systems_have_star_coordinates" time="0.196" /><testcase classname="tests.test_iteration30_route_planner.TestLocationsEndpoint" name="test_locations_returns_qd_speeds" time="0.118" /><testcase classname="tests.test_iteration30_route_planner.TestRouteCalculation" name="test_basic_route_lorville_to_area18" time="0.132" /><testcase classname="tests.test_iteration30_route_planner.TestRouteCalculation" name="test_route_returns_distance" time="0.117" /><testcase classname="tests.test_iteration30_route_planner.TestRouteCalculation" name="test_route_returns_travel_time" time="0.335" /><testcase classname="tests.test_iteration30_route_planner.TestRouteCalculation" name="test_route_returns_waypoints" time="0.129" /><testcase classname="tests.test_iteration30_route_planner.TestRouteCalculation" name="test_route_returns_fuel_info" time="0.134" /><testcase classname="tests.test_iteration30_route_planner.TestRouteCalculation" name="test_cross_system_route_stanton_to_pyro" time="0.119" /><testcase classname="tests.test_iteration30_route_planner.TestRouteCalculation" name="test_route_qd_speed_matches_size" time="0.463" /><testcase classname="tests.test_iteration30_route_planner.TestInterdictionEndpoint" name="test_interdiction_basic_request" time="0.230" /><testcase classname="tests.test_iteration30_route_planner.TestInterdictionEndpoint" name="test_interdiction_returns_snare_position" time="0.169" /><testcase classname="tests.test_iteration30_route_planner.TestInterdictionEndpoint" name="test_interdiction_returns_coverage" time="0.126" /><testcase classname="tests.test_iteration30_route_planner.TestInterdictionEndpoint" name="test_interdiction_returns_route_details" time="0.122" /><testcase classname="tests.test_iteration30_route_planner.TestInterdictionEndpoint" name="test_interdiction_with_qd_sizes" time="0.131" /><testcase classname="tests.test_iteration30_route_planner.TestInterdictionEndpoint" name="test_interdiction_single_origin_100_coverage" time="0.102" /><testcase classname="tests.test_iteration30_route_planner.TestChaseAdvancedEndpoint" name="test_chase_advanced_basic_request" time="0.118" /><testcase classname="tests.test_iteration30_route_planner.TestChaseAdvancedEndpoint" name="test_chase_advanced_returns_positions" time="0.102" /><testcase classname="tests.test_iteration30_route_planner.TestChaseAdvancedEndpoint" name="test_chase_advanced_returns_escape_destinations" time="0.146" /><testcase classname="tests.test_iteration30_route_planner.TestChaseAdvancedEndpoint" name="test_chase_advanced_returns_intercept_percentage" time="0.119" /><testcase classname="tests.test_iteration30_route_planner.TestChaseAdvancedEndpoint" name="test_chase_advanced_returns_tactical_notes" time="0.148" /><testcase classname="tests.test_iteration30_route_planner.TestChaseAdvancedEndpoint" name="test_chase_advanced_returns_threat_level" time="0.112" /><testcase classname="tests.test_iteration30_route_planner.TestChaseAdvancedEndpoint" name="test_chase_advanced_faster_qd_better_intercept" time="0.232" /><testcase classname="tests.test_iteration30_route_planner.TestSimpleChaseEndpoint" name="test_chase_simple_basic_request" time="0.123" /><testcase classname="tests.test_iteration30_route_planner.TestSimpleChaseEndpoint" name="test_chase_simple_faster_can_catch" time="0.204" /><testcase classname="tests.test_iteration30_route_planner.TestSimpleChaseEndpoint" name="test_chase_simple_slower_cannot_catch" time="0.263" /><testcase classname="tests.test_iteration30_route_planner.TestSimpleChaseEndpoint" name="test_chase_simple_returns_verdict" time="0.133" /><testcase classname="tests.test_iteration30_route_planner.TestErrorHandling" name="test_route_invalid_origin" time="0.216" /><testcase classname="tests.test_iteration30_route_planner.TestErrorHandling" name="test_route_invalid_destination" time="0.230" /><testcase classname="tests.test_iteration30_route_planner.TestErrorHandling" name="test_interdiction_invalid_destination" time="0.131" /><testcase classname="tests.test_iteration30_route_planner.TestErrorHandling" name="test_interdiction_empty_origins" time="0.164" /><testcase classname="tests.test_iteration30_route_planner.TestErrorHandling" name="test_chase_advanced_invalid_position" time="0.113" /></testsuite></testsuites>