<?xml version="1.0" encoding="utf-8"?><testsuites name="pytest tests"><testsuite name="pytest" errors="0" failures="0" skipped="2" tests="14" time="21.358" timestamp="2026-03-14T06:59:01.022749+00:00" hostname="agent-env-daeb211c-eba9-405f-a146-9e0d14040ff9"><testcase classname="backend.tests.test_iteration37_p4_features.TestComponentsEndpoint" name="test_components_returns_data" time="15.341" /><testcase classname="backend.tests.test_iteration37_p4_features.TestComponentsEndpoint" name="test_components_includes_radar_type" time="0.581" /><testcase classname="backend.tests.test_iteration37_p4_features.TestComponentsEndpoint" name="test_radar_appears_in_type_filter" time="0.566" /><testcase classname="backend.tests.test_iteration37_p4_features.TestComponentDetailEndpoint" name="test_component_detail_returns_locations" time="2.080" /><testcase classname="backend.tests.test_iteration37_p4_features.TestWeaponDetailEndpoint" name="test_weapon_detail_returns_locations" time="1.070" /><testcase classname="backend.tests.test_iteration37_p4_features.TestWeaponDetailEndpoint" name="test_weapon_detail_has_stats" time="0.209" /><testcase classname="backend.tests.test_iteration37_p4_features.TestShipHardpoints" name="test_ships_endpoint_returns_data" time="0.402" /><testcase classname="backend.tests.test_iteration37_p4_features.TestShipHardpoints" name="test_eclipse_hardpoints" time="0.146" /><testcase classname="backend.tests.test_iteration37_p4_features.TestShipHardpoints" name="test_reclaimer_hardpoints" time="0.160" /><testcase classname="backend.tests.test_iteration37_p4_features.TestShipHardpoints" name="test_talon_shrike_hardpoints" time="0.162" /><testcase classname="backend.tests.test_iteration37_p4_features.TestShipHardpoints" name="test_liberator_hardpoints" time="0.150"><skipped type="pytest.xfail" message="KNOWN BUG: Liberator weapons should be [5, 5, 4, 4], got [] (wiki-injected ships missing hardpoints)" /></testcase><testcase classname="backend.tests.test_iteration37_p4_features.TestShipHardpoints" name="test_merchantman_hardpoints" time="0.142"><skipped type="pytest.xfail" message="KNOWN BUG: Merchantman weapons should be [7, 7, 5, 5, 4, 4, 4, 4], got [] (wiki-injected ships missing hardpoints)" /></testcase><testcase classname="backend.tests.test_iteration37_p4_features.TestWeaponsEndpoint" name="test_weapons_returns_data" time="0.110" /><testcase classname="backend.tests.test_iteration37_p4_features.TestWeaponsEndpoint" name="test_weapons_filters_still_work" time="0.103" /></testsuite></testsuites>